{"/Users/louisa/HR/HR2021/FEC/client/src/QAComponents/Answer.jsx": {"path":"/Users/louisa/HR/HR2021/FEC/client/src/QAComponents/Answer.jsx","statementMap":{"0":{"start":{"line":7,"column":15},"end":{"line":129,"column":1}},"1":{"start":{"line":8,"column":28},"end":{"line":8,"column":38}},"2":{"start":{"line":9,"column":32},"end":{"line":9,"column":44}},"3":{"start":{"line":10,"column":40},"end":{"line":10,"column":67}},"4":{"start":{"line":11,"column":44},"end":{"line":11,"column":71}},"5":{"start":{"line":12,"column":34},"end":{"line":12,"column":49}},"6":{"start":{"line":13,"column":26},"end":{"line":13,"column":33}},"7":{"start":{"line":17,"column":24},"end":{"line":28,"column":3}},"8":{"start":{"line":18,"column":4},"end":{"line":18,"column":51}},"9":{"start":{"line":19,"column":4},"end":{"line":21,"column":5}},"10":{"start":{"line":20,"column":6},"end":{"line":20,"column":12}},"11":{"start":{"line":22,"column":4},"end":{"line":27,"column":37}},"12":{"start":{"line":24,"column":8},"end":{"line":24,"column":40}},"13":{"start":{"line":25,"column":8},"end":{"line":25,"column":28}},"14":{"start":{"line":27,"column":20},"end":{"line":27,"column":36}},"15":{"start":{"line":30,"column":23},"end":{"line":41,"column":3}},"16":{"start":{"line":31,"column":21},"end":{"line":31,"column":65}},"17":{"start":{"line":32,"column":4},"end":{"line":32,"column":22}},"18":{"start":{"line":33,"column":4},"end":{"line":33,"column":48}},"19":{"start":{"line":34,"column":4},"end":{"line":40,"column":8}},"20":{"start":{"line":36,"column":8},"end":{"line":36,"column":25}},"21":{"start":{"line":39,"column":8},"end":{"line":39,"column":26}},"22":{"start":{"line":43,"column":24},"end":{"line":54,"column":3}},"23":{"start":{"line":44,"column":21},"end":{"line":44,"column":65}},"24":{"start":{"line":45,"column":4},"end":{"line":45,"column":22}},"25":{"start":{"line":46,"column":4},"end":{"line":46,"column":57}},"26":{"start":{"line":47,"column":4},"end":{"line":53,"column":8}},"27":{"start":{"line":49,"column":8},"end":{"line":49,"column":25}},"28":{"start":{"line":52,"column":8},"end":{"line":52,"column":26}},"29":{"start":{"line":57,"column":21},"end":{"line":77,"column":3}},"30":{"start":{"line":58,"column":4},"end":{"line":76,"column":6}},"31":{"start":{"line":59,"column":6},"end":{"line":63,"column":7}},"32":{"start":{"line":60,"column":8},"end":{"line":60,"column":26}},"33":{"start":{"line":62,"column":8},"end":{"line":62,"column":33}},"34":{"start":{"line":80,"column":25},"end":{"line":86,"column":3}},"35":{"start":{"line":81,"column":4},"end":{"line":81,"column":22}},"36":{"start":{"line":83,"column":4},"end":{"line":85,"column":6}},"37":{"start":{"line":84,"column":6},"end":{"line":84,"column":31}},"38":{"start":{"line":89,"column":2},"end":{"line":100,"column":25}},"39":{"start":{"line":90,"column":4},"end":{"line":99,"column":6}},"40":{"start":{"line":91,"column":6},"end":{"line":98,"column":7}},"41":{"start":{"line":92,"column":8},"end":{"line":92,"column":26}},"42":{"start":{"line":94,"column":8},"end":{"line":96,"column":10}},"43":{"start":{"line":95,"column":10},"end":{"line":95,"column":40}},"44":{"start":{"line":97,"column":8},"end":{"line":97,"column":54}},"45":{"start":{"line":97,"column":33},"end":{"line":97,"column":51}},"46":{"start":{"line":102,"column":2},"end":{"line":128,"column":3}},"47":{"start":{"line":107,"column":25},"end":{"line":107,"column":26}},"48":{"start":{"line":108,"column":8},"end":{"line":113,"column":9}},"49":{"start":{"line":109,"column":10},"end":{"line":109,"column":39}},"50":{"start":{"line":110,"column":10},"end":{"line":110,"column":60}},"51":{"start":{"line":111,"column":10},"end":{"line":111,"column":45}},"52":{"start":{"line":114,"column":8},"end":{"line":116,"column":9}},"53":{"start":{"line":115,"column":10},"end":{"line":115,"column":83}},"54":{"start":{"line":117,"column":8},"end":{"line":123,"column":9}}},"fnMap":{"0":{"name":"(anonymous_0)","decl":{"start":{"line":7,"column":15},"end":{"line":7,"column":16}},"loc":{"start":{"line":7,"column":26},"end":{"line":129,"column":1}},"line":7},"1":{"name":"(anonymous_1)","decl":{"start":{"line":17,"column":24},"end":{"line":17,"column":25}},"loc":{"start":{"line":17,"column":48},"end":{"line":28,"column":3}},"line":17},"2":{"name":"(anonymous_2)","decl":{"start":{"line":23,"column":12},"end":{"line":23,"column":13}},"loc":{"start":{"line":23,"column":20},"end":{"line":26,"column":7}},"line":23},"3":{"name":"(anonymous_3)","decl":{"start":{"line":27,"column":13},"end":{"line":27,"column":14}},"loc":{"start":{"line":27,"column":20},"end":{"line":27,"column":36}},"line":27},"4":{"name":"(anonymous_4)","decl":{"start":{"line":30,"column":23},"end":{"line":30,"column":24}},"loc":{"start":{"line":30,"column":30},"end":{"line":41,"column":3}},"line":30},"5":{"name":"(anonymous_5)","decl":{"start":{"line":35,"column":12},"end":{"line":35,"column":13}},"loc":{"start":{"line":35,"column":20},"end":{"line":37,"column":7}},"line":35},"6":{"name":"(anonymous_6)","decl":{"start":{"line":38,"column":13},"end":{"line":38,"column":14}},"loc":{"start":{"line":38,"column":20},"end":{"line":40,"column":7}},"line":38},"7":{"name":"(anonymous_7)","decl":{"start":{"line":43,"column":24},"end":{"line":43,"column":25}},"loc":{"start":{"line":43,"column":31},"end":{"line":54,"column":3}},"line":43},"8":{"name":"(anonymous_8)","decl":{"start":{"line":48,"column":12},"end":{"line":48,"column":13}},"loc":{"start":{"line":48,"column":20},"end":{"line":50,"column":7}},"line":48},"9":{"name":"(anonymous_9)","decl":{"start":{"line":51,"column":13},"end":{"line":51,"column":14}},"loc":{"start":{"line":51,"column":20},"end":{"line":53,"column":7}},"line":51},"10":{"name":"(anonymous_10)","decl":{"start":{"line":57,"column":21},"end":{"line":57,"column":22}},"loc":{"start":{"line":57,"column":47},"end":{"line":77,"column":3}},"line":57},"11":{"name":"(anonymous_11)","decl":{"start":{"line":58,"column":37},"end":{"line":58,"column":38}},"loc":{"start":{"line":58,"column":52},"end":{"line":76,"column":5}},"line":58},"12":{"name":"(anonymous_12)","decl":{"start":{"line":80,"column":25},"end":{"line":80,"column":26}},"loc":{"start":{"line":80,"column":32},"end":{"line":86,"column":3}},"line":80},"13":{"name":"(anonymous_13)","decl":{"start":{"line":83,"column":15},"end":{"line":83,"column":16}},"loc":{"start":{"line":83,"column":23},"end":{"line":85,"column":5}},"line":83},"14":{"name":"(anonymous_14)","decl":{"start":{"line":89,"column":12},"end":{"line":89,"column":13}},"loc":{"start":{"line":89,"column":18},"end":{"line":100,"column":3}},"line":89},"15":{"name":"(anonymous_15)","decl":{"start":{"line":90,"column":34},"end":{"line":90,"column":35}},"loc":{"start":{"line":90,"column":49},"end":{"line":99,"column":5}},"line":90},"16":{"name":"(anonymous_16)","decl":{"start":{"line":94,"column":19},"end":{"line":94,"column":20}},"loc":{"start":{"line":94,"column":27},"end":{"line":96,"column":9}},"line":94},"17":{"name":"(anonymous_17)","decl":{"start":{"line":97,"column":23},"end":{"line":97,"column":24}},"loc":{"start":{"line":97,"column":31},"end":{"line":97,"column":53}},"line":97},"18":{"name":"(anonymous_18)","decl":{"start":{"line":105,"column":24},"end":{"line":105,"column":25}},"loc":{"start":{"line":105,"column":34},"end":{"line":124,"column":7}},"line":105}},"branchMap":{"0":{"loc":{"start":{"line":19,"column":4},"end":{"line":21,"column":5}},"type":"if","locations":[{"start":{"line":19,"column":4},"end":{"line":21,"column":5}},{"start":{"line":19,"column":4},"end":{"line":21,"column":5}}],"line":19},"1":{"loc":{"start":{"line":59,"column":6},"end":{"line":63,"column":7}},"type":"if","locations":[{"start":{"line":59,"column":6},"end":{"line":63,"column":7}},{"start":{"line":59,"column":6},"end":{"line":63,"column":7}}],"line":59},"2":{"loc":{"start":{"line":91,"column":6},"end":{"line":98,"column":7}},"type":"if","locations":[{"start":{"line":91,"column":6},"end":{"line":98,"column":7}},{"start":{"line":91,"column":6},"end":{"line":98,"column":7}}],"line":91},"3":{"loc":{"start":{"line":108,"column":8},"end":{"line":113,"column":9}},"type":"if","locations":[{"start":{"line":108,"column":8},"end":{"line":113,"column":9}},{"start":{"line":108,"column":8},"end":{"line":113,"column":9}}],"line":108},"4":{"loc":{"start":{"line":114,"column":8},"end":{"line":116,"column":9}},"type":"if","locations":[{"start":{"line":114,"column":8},"end":{"line":116,"column":9}},{"start":{"line":114,"column":8},"end":{"line":116,"column":9}}],"line":114}},"s":{"0":1,"1":0,"2":0,"3":0,"4":0,"5":0,"6":0,"7":0,"8":0,"9":0,"10":0,"11":0,"12":0,"13":0,"14":0,"15":0,"16":0,"17":0,"18":0,"19":0,"20":0,"21":0,"22":0,"23":0,"24":0,"25":0,"26":0,"27":0,"28":0,"29":0,"30":0,"31":0,"32":0,"33":0,"34":0,"35":0,"36":0,"37":0,"38":0,"39":0,"40":0,"41":0,"42":0,"43":0,"44":0,"45":0,"46":0,"47":0,"48":0,"49":0,"50":0,"51":0,"52":0,"53":0,"54":0},"f":{"0":0,"1":0,"2":0,"3":0,"4":0,"5":0,"6":0,"7":0,"8":0,"9":0,"10":0,"11":0,"12":0,"13":0,"14":0,"15":0,"16":0,"17":0,"18":0},"b":{"0":[0,0],"1":[0,0],"2":[0,0],"3":[0,0],"4":[0,0]},"_coverageSchema":"1a1c01bbd47fc00a2c39e90264f33305004495a9","hash":"0939e19717ef365861c6e8edb1df2044fcdc7a07"}
,"/Users/louisa/HR/HR2021/FEC/client/src/QAComponents/AnswerModal.jsx": {"path":"/Users/louisa/HR/HR2021/FEC/client/src/QAComponents/AnswerModal.jsx","statementMap":{"0":{"start":{"line":7,"column":20},"end":{"line":71,"column":1}},"1":{"start":{"line":8,"column":2},"end":{"line":8,"column":39}},"2":{"start":{"line":9,"column":19},"end":{"line":9,"column":27}},"3":{"start":{"line":10,"column":36},"end":{"line":10,"column":61}},"4":{"start":{"line":11,"column":21},"end":{"line":15,"column":3}},"5":{"start":{"line":12,"column":4},"end":{"line":14,"column":5}},"6":{"start":{"line":13,"column":6},"end":{"line":13,"column":25}},"7":{"start":{"line":17,"column":19},"end":{"line":25,"column":3}},"8":{"start":{"line":19,"column":6},"end":{"line":22,"column":7}},"9":{"start":{"line":20,"column":8},"end":{"line":20,"column":27}},"10":{"start":{"line":21,"column":8},"end":{"line":21,"column":41}},"11":{"start":{"line":27,"column":26},"end":{"line":45,"column":3}},"12":{"start":{"line":28,"column":4},"end":{"line":28,"column":22}},"13":{"start":{"line":30,"column":19},"end":{"line":30,"column":36}},"14":{"start":{"line":31,"column":21},"end":{"line":31,"column":38}},"15":{"start":{"line":32,"column":18},"end":{"line":32,"column":35}},"16":{"start":{"line":33,"column":15},"end":{"line":33,"column":37}},"17":{"start":{"line":34,"column":4},"end":{"line":34,"column":84}},"18":{"start":{"line":35,"column":4},"end":{"line":44,"column":39}},"19":{"start":{"line":42,"column":8},"end":{"line":42,"column":25}},"20":{"start":{"line":44,"column":20},"end":{"line":44,"column":38}},"21":{"start":{"line":47,"column":2},"end":{"line":53,"column":3}},"22":{"start":{"line":49,"column":6},"end":{"line":49,"column":52}},"23":{"start":{"line":50,"column":6},"end":{"line":50,"column":68}},"24":{"start":{"line":50,"column":19},"end":{"line":50,"column":68}},"25":{"start":{"line":55,"column":2},"end":{"line":70,"column":3}}},"fnMap":{"0":{"name":"(anonymous_0)","decl":{"start":{"line":7,"column":20},"end":{"line":7,"column":21}},"loc":{"start":{"line":7,"column":31},"end":{"line":71,"column":1}},"line":7},"1":{"name":"(anonymous_1)","decl":{"start":{"line":11,"column":21},"end":{"line":11,"column":22}},"loc":{"start":{"line":11,"column":26},"end":{"line":15,"column":3}},"line":11},"2":{"name":"(anonymous_2)","decl":{"start":{"line":18,"column":4},"end":{"line":18,"column":5}},"loc":{"start":{"line":18,"column":9},"end":{"line":23,"column":5}},"line":18},"3":{"name":"(anonymous_3)","decl":{"start":{"line":27,"column":26},"end":{"line":27,"column":27}},"loc":{"start":{"line":27,"column":33},"end":{"line":45,"column":3}},"line":27},"4":{"name":"(anonymous_4)","decl":{"start":{"line":41,"column":12},"end":{"line":41,"column":13}},"loc":{"start":{"line":41,"column":20},"end":{"line":43,"column":7}},"line":41},"5":{"name":"(anonymous_5)","decl":{"start":{"line":44,"column":13},"end":{"line":44,"column":14}},"loc":{"start":{"line":44,"column":20},"end":{"line":44,"column":38}},"line":44},"6":{"name":"(anonymous_6)","decl":{"start":{"line":48,"column":4},"end":{"line":48,"column":5}},"loc":{"start":{"line":48,"column":10},"end":{"line":51,"column":5}},"line":48},"7":{"name":"(anonymous_7)","decl":{"start":{"line":50,"column":13},"end":{"line":50,"column":14}},"loc":{"start":{"line":50,"column":19},"end":{"line":50,"column":68}},"line":50}},"branchMap":{"0":{"loc":{"start":{"line":12,"column":4},"end":{"line":14,"column":5}},"type":"if","locations":[{"start":{"line":12,"column":4},"end":{"line":14,"column":5}},{"start":{"line":12,"column":4},"end":{"line":14,"column":5}}],"line":12},"1":{"loc":{"start":{"line":19,"column":6},"end":{"line":22,"column":7}},"type":"if","locations":[{"start":{"line":19,"column":6},"end":{"line":22,"column":7}},{"start":{"line":19,"column":6},"end":{"line":22,"column":7}}],"line":19},"2":{"loc":{"start":{"line":19,"column":10},"end":{"line":19,"column":41}},"type":"binary-expr","locations":[{"start":{"line":19,"column":10},"end":{"line":19,"column":28}},{"start":{"line":19,"column":32},"end":{"line":19,"column":41}}],"line":19},"3":{"loc":{"start":{"line":57,"column":7},"end":{"line":68,"column":14}},"type":"cond-expr","locations":[{"start":{"line":58,"column":8},"end":{"line":66,"column":14}},{"start":{"line":68,"column":10},"end":{"line":68,"column":14}}],"line":57}},"s":{"0":1,"1":0,"2":0,"3":0,"4":0,"5":0,"6":0,"7":0,"8":0,"9":0,"10":0,"11":0,"12":0,"13":0,"14":0,"15":0,"16":0,"17":0,"18":0,"19":0,"20":0,"21":0,"22":0,"23":0,"24":0,"25":0},"f":{"0":0,"1":0,"2":0,"3":0,"4":0,"5":0,"6":0,"7":0},"b":{"0":[0,0],"1":[0,0],"2":[0,0],"3":[0,0]},"_coverageSchema":"1a1c01bbd47fc00a2c39e90264f33305004495a9","hash":"0d3f332c672c63e7013e45e889c8fb0d920c2f0a"}
,"/Users/louisa/HR/HR2021/FEC/client/src/QAComponents/QAList.jsx": {"path":"/Users/louisa/HR/HR2021/FEC/client/src/QAComponents/QAList.jsx","statementMap":{"0":{"start":{"line":11,"column":15},"end":{"line":144,"column":1}},"1":{"start":{"line":12,"column":40},"end":{"line":12,"column":51}},"2":{"start":{"line":13,"column":36},"end":{"line":13,"column":73}},"3":{"start":{"line":14,"column":42},"end":{"line":14,"column":52}},"4":{"start":{"line":15,"column":40},"end":{"line":15,"column":54}},"5":{"start":{"line":16,"column":52},"end":{"line":16,"column":67}},"6":{"start":{"line":17,"column":20},"end":{"line":17,"column":41}},"7":{"start":{"line":31,"column":26},"end":{"line":49,"column":3}},"8":{"start":{"line":34,"column":4},"end":{"line":48,"column":8}},"9":{"start":{"line":36,"column":8},"end":{"line":36,"column":63}},"10":{"start":{"line":37,"column":8},"end":{"line":44,"column":9}},"11":{"start":{"line":38,"column":10},"end":{"line":40,"column":12}},"12":{"start":{"line":39,"column":12},"end":{"line":39,"column":43}},"13":{"start":{"line":41,"column":10},"end":{"line":43,"column":12}},"14":{"start":{"line":42,"column":12},"end":{"line":42,"column":43}},"15":{"start":{"line":47,"column":8},"end":{"line":47,"column":69}},"16":{"start":{"line":51,"column":29},"end":{"line":56,"column":3}},"17":{"start":{"line":52,"column":4},"end":{"line":52,"column":53}},"18":{"start":{"line":53,"column":4},"end":{"line":55,"column":6}},"19":{"start":{"line":54,"column":6},"end":{"line":54,"column":32}},"20":{"start":{"line":71,"column":22},"end":{"line":75,"column":3}},"21":{"start":{"line":72,"column":4},"end":{"line":72,"column":22}},"22":{"start":{"line":73,"column":4},"end":{"line":73,"column":32}},"23":{"start":{"line":74,"column":4},"end":{"line":74,"column":30}},"24":{"start":{"line":77,"column":20},"end":{"line":79,"column":3}},"25":{"start":{"line":78,"column":4},"end":{"line":78,"column":32}},"26":{"start":{"line":81,"column":21},"end":{"line":91,"column":3}},"27":{"start":{"line":83,"column":4},"end":{"line":90,"column":8}},"28":{"start":{"line":86,"column":8},"end":{"line":86,"column":41}},"29":{"start":{"line":89,"column":8},"end":{"line":89,"column":69}},"30":{"start":{"line":101,"column":2},"end":{"line":117,"column":8}},"31":{"start":{"line":102,"column":4},"end":{"line":115,"column":6}},"32":{"start":{"line":103,"column":6},"end":{"line":114,"column":7}},"33":{"start":{"line":104,"column":8},"end":{"line":104,"column":26}},"34":{"start":{"line":106,"column":8},"end":{"line":109,"column":10}},"35":{"start":{"line":107,"column":10},"end":{"line":107,"column":40}},"36":{"start":{"line":110,"column":8},"end":{"line":113,"column":10}},"37":{"start":{"line":111,"column":10},"end":{"line":111,"column":28}},"38":{"start":{"line":116,"column":4},"end":{"line":116,"column":39}},"39":{"start":{"line":119,"column":2},"end":{"line":143,"column":3}},"40":{"start":{"line":130,"column":8},"end":{"line":137,"column":9}}},"fnMap":{"0":{"name":"(anonymous_0)","decl":{"start":{"line":11,"column":15},"end":{"line":11,"column":16}},"loc":{"start":{"line":11,"column":21},"end":{"line":144,"column":1}},"line":11},"1":{"name":"(anonymous_1)","decl":{"start":{"line":31,"column":26},"end":{"line":31,"column":27}},"loc":{"start":{"line":31,"column":32},"end":{"line":49,"column":3}},"line":31},"2":{"name":"(anonymous_2)","decl":{"start":{"line":35,"column":12},"end":{"line":35,"column":13}},"loc":{"start":{"line":35,"column":22},"end":{"line":45,"column":7}},"line":35},"3":{"name":"(anonymous_3)","decl":{"start":{"line":38,"column":23},"end":{"line":38,"column":24}},"loc":{"start":{"line":38,"column":33},"end":{"line":40,"column":11}},"line":38},"4":{"name":"(anonymous_4)","decl":{"start":{"line":41,"column":26},"end":{"line":41,"column":27}},"loc":{"start":{"line":41,"column":36},"end":{"line":43,"column":11}},"line":41},"5":{"name":"(anonymous_5)","decl":{"start":{"line":46,"column":13},"end":{"line":46,"column":14}},"loc":{"start":{"line":46,"column":22},"end":{"line":48,"column":7}},"line":46},"6":{"name":"(anonymous_6)","decl":{"start":{"line":51,"column":29},"end":{"line":51,"column":30}},"loc":{"start":{"line":51,"column":35},"end":{"line":56,"column":3}},"line":51},"7":{"name":"(anonymous_7)","decl":{"start":{"line":53,"column":17},"end":{"line":53,"column":18}},"loc":{"start":{"line":53,"column":27},"end":{"line":55,"column":5}},"line":53},"8":{"name":"(anonymous_8)","decl":{"start":{"line":71,"column":22},"end":{"line":71,"column":23}},"loc":{"start":{"line":71,"column":29},"end":{"line":75,"column":3}},"line":71},"9":{"name":"(anonymous_9)","decl":{"start":{"line":77,"column":20},"end":{"line":77,"column":21}},"loc":{"start":{"line":77,"column":26},"end":{"line":79,"column":3}},"line":77},"10":{"name":"(anonymous_10)","decl":{"start":{"line":81,"column":21},"end":{"line":81,"column":22}},"loc":{"start":{"line":81,"column":35},"end":{"line":91,"column":3}},"line":81},"11":{"name":"(anonymous_11)","decl":{"start":{"line":84,"column":12},"end":{"line":84,"column":13}},"loc":{"start":{"line":84,"column":22},"end":{"line":87,"column":7}},"line":84},"12":{"name":"(anonymous_12)","decl":{"start":{"line":88,"column":13},"end":{"line":88,"column":14}},"loc":{"start":{"line":88,"column":22},"end":{"line":90,"column":7}},"line":88},"13":{"name":"(anonymous_13)","decl":{"start":{"line":101,"column":12},"end":{"line":101,"column":13}},"loc":{"start":{"line":101,"column":18},"end":{"line":117,"column":3}},"line":101},"14":{"name":"(anonymous_14)","decl":{"start":{"line":102,"column":15},"end":{"line":102,"column":16}},"loc":{"start":{"line":102,"column":30},"end":{"line":115,"column":5}},"line":102},"15":{"name":"(anonymous_15)","decl":{"start":{"line":106,"column":21},"end":{"line":106,"column":22}},"loc":{"start":{"line":106,"column":29},"end":{"line":109,"column":9}},"line":106},"16":{"name":"(anonymous_16)","decl":{"start":{"line":110,"column":24},"end":{"line":110,"column":25}},"loc":{"start":{"line":110,"column":32},"end":{"line":113,"column":9}},"line":110},"17":{"name":"(anonymous_17)","decl":{"start":{"line":128,"column":21},"end":{"line":128,"column":22}},"loc":{"start":{"line":128,"column":33},"end":{"line":138,"column":7}},"line":128}},"branchMap":{"0":{"loc":{"start":{"line":37,"column":8},"end":{"line":44,"column":9}},"type":"if","locations":[{"start":{"line":37,"column":8},"end":{"line":44,"column":9}},{"start":{"line":37,"column":8},"end":{"line":44,"column":9}}],"line":37},"1":{"loc":{"start":{"line":103,"column":6},"end":{"line":114,"column":7}},"type":"if","locations":[{"start":{"line":103,"column":6},"end":{"line":114,"column":7}},{"start":{"line":103,"column":6},"end":{"line":114,"column":7}}],"line":103}},"s":{"0":1,"1":0,"2":0,"3":0,"4":0,"5":0,"6":0,"7":0,"8":0,"9":0,"10":0,"11":0,"12":0,"13":0,"14":0,"15":0,"16":0,"17":0,"18":0,"19":0,"20":0,"21":0,"22":0,"23":0,"24":0,"25":0,"26":0,"27":0,"28":0,"29":0,"30":0,"31":0,"32":0,"33":0,"34":0,"35":0,"36":0,"37":0,"38":0,"39":0,"40":0},"f":{"0":0,"1":0,"2":0,"3":0,"4":0,"5":0,"6":0,"7":0,"8":0,"9":0,"10":0,"11":0,"12":0,"13":0,"14":0,"15":0,"16":0,"17":0},"b":{"0":[0,0],"1":[0,0]},"_coverageSchema":"1a1c01bbd47fc00a2c39e90264f33305004495a9","hash":"0b1703670130a813d90bd53dfb9297f8e9c7a231"}
,"/Users/louisa/HR/HR2021/FEC/client/src/QAComponents/Question.jsx": {"path":"/Users/louisa/HR/HR2021/FEC/client/src/QAComponents/Question.jsx","statementMap":{"0":{"start":{"line":10,"column":17},"end":{"line":85,"column":1}},"1":{"start":{"line":11,"column":34},"end":{"line":11,"column":74}},"2":{"start":{"line":12,"column":32},"end":{"line":12,"column":42}},"3":{"start":{"line":13,"column":40},"end":{"line":13,"column":54}},"4":{"start":{"line":14,"column":36},"end":{"line":14,"column":51}},"5":{"start":{"line":15,"column":20},"end":{"line":15,"column":41}},"6":{"start":{"line":18,"column":21},"end":{"line":28,"column":3}},"7":{"start":{"line":20,"column":4},"end":{"line":27,"column":8}},"8":{"start":{"line":23,"column":8},"end":{"line":23,"column":41}},"9":{"start":{"line":26,"column":8},"end":{"line":26,"column":69}},"10":{"start":{"line":30,"column":20},"end":{"line":33,"column":3}},"11":{"start":{"line":31,"column":4},"end":{"line":31,"column":59}},"12":{"start":{"line":32,"column":4},"end":{"line":32,"column":15}},"13":{"start":{"line":36,"column":20},"end":{"line":38,"column":3}},"14":{"start":{"line":37,"column":4},"end":{"line":37,"column":31}},"15":{"start":{"line":37,"column":25},"end":{"line":37,"column":30}},"16":{"start":{"line":40,"column":29},"end":{"line":47,"column":3}},"17":{"start":{"line":41,"column":4},"end":{"line":41,"column":68}},"18":{"start":{"line":42,"column":4},"end":{"line":46,"column":43}},"19":{"start":{"line":45,"column":20},"end":{"line":45,"column":37}},"20":{"start":{"line":46,"column":22},"end":{"line":46,"column":40}},"21":{"start":{"line":49,"column":2},"end":{"line":61,"column":8}},"22":{"start":{"line":50,"column":4},"end":{"line":60,"column":6}},"23":{"start":{"line":51,"column":6},"end":{"line":59,"column":8}},"24":{"start":{"line":53,"column":8},"end":{"line":57,"column":9}},"25":{"start":{"line":54,"column":10},"end":{"line":54,"column":40}},"26":{"start":{"line":56,"column":10},"end":{"line":56,"column":28}},"27":{"start":{"line":68,"column":2},"end":{"line":84,"column":3}}},"fnMap":{"0":{"name":"(anonymous_0)","decl":{"start":{"line":10,"column":17},"end":{"line":10,"column":18}},"loc":{"start":{"line":10,"column":28},"end":{"line":85,"column":1}},"line":10},"1":{"name":"(anonymous_1)","decl":{"start":{"line":18,"column":21},"end":{"line":18,"column":22}},"loc":{"start":{"line":18,"column":35},"end":{"line":28,"column":3}},"line":18},"2":{"name":"(anonymous_2)","decl":{"start":{"line":21,"column":12},"end":{"line":21,"column":13}},"loc":{"start":{"line":21,"column":22},"end":{"line":24,"column":7}},"line":21},"3":{"name":"(anonymous_3)","decl":{"start":{"line":25,"column":13},"end":{"line":25,"column":14}},"loc":{"start":{"line":25,"column":22},"end":{"line":27,"column":7}},"line":25},"4":{"name":"(anonymous_4)","decl":{"start":{"line":30,"column":20},"end":{"line":30,"column":21}},"loc":{"start":{"line":30,"column":27},"end":{"line":33,"column":3}},"line":30},"5":{"name":"(anonymous_5)","decl":{"start":{"line":36,"column":20},"end":{"line":36,"column":21}},"loc":{"start":{"line":36,"column":26},"end":{"line":38,"column":3}},"line":36},"6":{"name":"(anonymous_6)","decl":{"start":{"line":37,"column":17},"end":{"line":37,"column":18}},"loc":{"start":{"line":37,"column":25},"end":{"line":37,"column":30}},"line":37},"7":{"name":"(anonymous_7)","decl":{"start":{"line":40,"column":29},"end":{"line":40,"column":30}},"loc":{"start":{"line":40,"column":36},"end":{"line":47,"column":3}},"line":40},"8":{"name":"(anonymous_8)","decl":{"start":{"line":45,"column":12},"end":{"line":45,"column":13}},"loc":{"start":{"line":45,"column":20},"end":{"line":45,"column":37}},"line":45},"9":{"name":"(anonymous_9)","decl":{"start":{"line":46,"column":13},"end":{"line":46,"column":14}},"loc":{"start":{"line":46,"column":20},"end":{"line":46,"column":42}},"line":46},"10":{"name":"(anonymous_10)","decl":{"start":{"line":49,"column":12},"end":{"line":49,"column":13}},"loc":{"start":{"line":49,"column":18},"end":{"line":61,"column":3}},"line":49},"11":{"name":"(anonymous_11)","decl":{"start":{"line":50,"column":15},"end":{"line":50,"column":16}},"loc":{"start":{"line":50,"column":30},"end":{"line":60,"column":5}},"line":50},"12":{"name":"(anonymous_12)","decl":{"start":{"line":51,"column":18},"end":{"line":51,"column":19}},"loc":{"start":{"line":51,"column":28},"end":{"line":59,"column":7}},"line":51}},"branchMap":{"0":{"loc":{"start":{"line":53,"column":8},"end":{"line":57,"column":9}},"type":"if","locations":[{"start":{"line":53,"column":8},"end":{"line":57,"column":9}},{"start":{"line":53,"column":8},"end":{"line":57,"column":9}}],"line":53},"1":{"loc":{"start":{"line":71,"column":142},"end":{"line":71,"column":173}},"type":"binary-expr","locations":[{"start":{"line":71,"column":142},"end":{"line":71,"column":168}},{"start":{"line":71,"column":172},"end":{"line":71,"column":173}}],"line":71}},"s":{"0":1,"1":0,"2":0,"3":0,"4":0,"5":0,"6":0,"7":0,"8":0,"9":0,"10":0,"11":0,"12":0,"13":0,"14":0,"15":0,"16":0,"17":0,"18":0,"19":0,"20":0,"21":0,"22":0,"23":0,"24":0,"25":0,"26":0,"27":0},"f":{"0":0,"1":0,"2":0,"3":0,"4":0,"5":0,"6":0,"7":0,"8":0,"9":0,"10":0,"11":0,"12":0},"b":{"0":[0,0],"1":[0,0]},"_coverageSchema":"1a1c01bbd47fc00a2c39e90264f33305004495a9","hash":"8c4aa38c78d9276a20c058b1d5aba6ba77cb815b"}
,"/Users/louisa/HR/HR2021/FEC/client/src/QAComponents/QuestionModal.jsx": {"path":"/Users/louisa/HR/HR2021/FEC/client/src/QAComponents/QuestionModal.jsx","statementMap":{"0":{"start":{"line":7,"column":22},"end":{"line":71,"column":1}},"1":{"start":{"line":8,"column":2},"end":{"line":8,"column":47}},"2":{"start":{"line":9,"column":19},"end":{"line":9,"column":27}},"3":{"start":{"line":10,"column":52},"end":{"line":10,"column":85}},"4":{"start":{"line":11,"column":21},"end":{"line":15,"column":3}},"5":{"start":{"line":12,"column":4},"end":{"line":14,"column":5}},"6":{"start":{"line":13,"column":6},"end":{"line":13,"column":33}},"7":{"start":{"line":17,"column":19},"end":{"line":25,"column":3}},"8":{"start":{"line":19,"column":6},"end":{"line":22,"column":7}},"9":{"start":{"line":20,"column":8},"end":{"line":20,"column":35}},"10":{"start":{"line":21,"column":8},"end":{"line":21,"column":41}},"11":{"start":{"line":27,"column":28},"end":{"line":45,"column":3}},"12":{"start":{"line":28,"column":4},"end":{"line":28,"column":22}},"13":{"start":{"line":30,"column":19},"end":{"line":30,"column":36}},"14":{"start":{"line":31,"column":21},"end":{"line":31,"column":38}},"15":{"start":{"line":32,"column":18},"end":{"line":32,"column":35}},"16":{"start":{"line":33,"column":15},"end":{"line":33,"column":37}},"17":{"start":{"line":34,"column":4},"end":{"line":34,"column":84}},"18":{"start":{"line":47,"column":2},"end":{"line":53,"column":3}},"19":{"start":{"line":49,"column":6},"end":{"line":49,"column":52}},"20":{"start":{"line":50,"column":6},"end":{"line":50,"column":68}},"21":{"start":{"line":50,"column":19},"end":{"line":50,"column":68}},"22":{"start":{"line":55,"column":2},"end":{"line":70,"column":3}}},"fnMap":{"0":{"name":"(anonymous_0)","decl":{"start":{"line":7,"column":22},"end":{"line":7,"column":23}},"loc":{"start":{"line":7,"column":33},"end":{"line":71,"column":1}},"line":7},"1":{"name":"(anonymous_1)","decl":{"start":{"line":11,"column":21},"end":{"line":11,"column":22}},"loc":{"start":{"line":11,"column":26},"end":{"line":15,"column":3}},"line":11},"2":{"name":"(anonymous_2)","decl":{"start":{"line":18,"column":4},"end":{"line":18,"column":5}},"loc":{"start":{"line":18,"column":9},"end":{"line":23,"column":5}},"line":18},"3":{"name":"(anonymous_3)","decl":{"start":{"line":27,"column":28},"end":{"line":27,"column":29}},"loc":{"start":{"line":27,"column":35},"end":{"line":45,"column":3}},"line":27},"4":{"name":"(anonymous_4)","decl":{"start":{"line":48,"column":4},"end":{"line":48,"column":5}},"loc":{"start":{"line":48,"column":10},"end":{"line":51,"column":5}},"line":48},"5":{"name":"(anonymous_5)","decl":{"start":{"line":50,"column":13},"end":{"line":50,"column":14}},"loc":{"start":{"line":50,"column":19},"end":{"line":50,"column":68}},"line":50}},"branchMap":{"0":{"loc":{"start":{"line":12,"column":4},"end":{"line":14,"column":5}},"type":"if","locations":[{"start":{"line":12,"column":4},"end":{"line":14,"column":5}},{"start":{"line":12,"column":4},"end":{"line":14,"column":5}}],"line":12},"1":{"loc":{"start":{"line":19,"column":6},"end":{"line":22,"column":7}},"type":"if","locations":[{"start":{"line":19,"column":6},"end":{"line":22,"column":7}},{"start":{"line":19,"column":6},"end":{"line":22,"column":7}}],"line":19},"2":{"loc":{"start":{"line":19,"column":10},"end":{"line":19,"column":49}},"type":"binary-expr","locations":[{"start":{"line":19,"column":10},"end":{"line":19,"column":28}},{"start":{"line":19,"column":32},"end":{"line":19,"column":49}}],"line":19},"3":{"loc":{"start":{"line":57,"column":7},"end":{"line":68,"column":14}},"type":"cond-expr","locations":[{"start":{"line":58,"column":8},"end":{"line":66,"column":14}},{"start":{"line":68,"column":10},"end":{"line":68,"column":14}}],"line":57}},"s":{"0":1,"1":0,"2":0,"3":0,"4":0,"5":0,"6":0,"7":0,"8":0,"9":0,"10":0,"11":0,"12":0,"13":0,"14":0,"15":0,"16":0,"17":0,"18":0,"19":0,"20":0,"21":0,"22":0},"f":{"0":0,"1":0,"2":0,"3":0,"4":0,"5":0},"b":{"0":[0,0],"1":[0,0],"2":[0,0],"3":[0,0]},"_coverageSchema":"1a1c01bbd47fc00a2c39e90264f33305004495a9","hash":"bb9f5524a3675ae4c75300b45859a5b6cfb1dd26"}
,"/Users/louisa/HR/HR2021/FEC/client/src/components/App.jsx": {"path":"/Users/louisa/HR/HR2021/FEC/client/src/components/App.jsx","statementMap":{"0":{"start":{"line":9,"column":12},"end":{"line":35,"column":1}},"1":{"start":{"line":10,"column":2},"end":{"line":34,"column":3}}},"fnMap":{"0":{"name":"(anonymous_0)","decl":{"start":{"line":9,"column":12},"end":{"line":9,"column":13}},"loc":{"start":{"line":9,"column":23},"end":{"line":35,"column":1}},"line":9}},"branchMap":{},"s":{"0":1,"1":1},"f":{"0":1},"b":{},"_coverageSchema":"1a1c01bbd47fc00a2c39e90264f33305004495a9","hash":"7feef497d28b7bbe82940a5fbc93a9bb561b92b9"}
,"/Users/louisa/HR/HR2021/FEC/client/src/components/AverageRating.jsx": {"path":"/Users/louisa/HR/HR2021/FEC/client/src/components/AverageRating.jsx","statementMap":{"0":{"start":{"line":4,"column":22},"end":{"line":8,"column":1}},"1":{"start":{"line":5,"column":2},"end":{"line":7,"column":3}}},"fnMap":{"0":{"name":"(anonymous_0)","decl":{"start":{"line":4,"column":22},"end":{"line":4,"column":23}},"loc":{"start":{"line":4,"column":33},"end":{"line":8,"column":1}},"line":4}},"branchMap":{},"s":{"0":1,"1":0},"f":{"0":0},"b":{},"_coverageSchema":"1a1c01bbd47fc00a2c39e90264f33305004495a9","hash":"5defad4b9fafeaee9d6b859e7179d80e6178e783"}
,"/Users/louisa/HR/HR2021/FEC/client/src/components/Carousel.jsx": {"path":"/Users/louisa/HR/HR2021/FEC/client/src/components/Carousel.jsx","statementMap":{"0":{"start":{"line":10,"column":48},"end":{"line":10,"column":60}},"1":{"start":{"line":11,"column":42},"end":{"line":11,"column":53}},"2":{"start":{"line":12,"column":17},"end":{"line":12,"column":39}},"3":{"start":{"line":13,"column":24},"end":{"line":13,"column":35}},"4":{"start":{"line":15,"column":2},"end":{"line":17,"column":8}},"5":{"start":{"line":16,"column":4},"end":{"line":16,"column":24}},"6":{"start":{"line":19,"column":29},"end":{"line":29,"column":3}},"7":{"start":{"line":20,"column":4},"end":{"line":28,"column":8}},"8":{"start":{"line":22,"column":8},"end":{"line":22,"column":60}},"9":{"start":{"line":23,"column":8},"end":{"line":23,"column":37}},"10":{"start":{"line":26,"column":8},"end":{"line":26,"column":69}},"11":{"start":{"line":27,"column":8},"end":{"line":27,"column":18}},"12":{"start":{"line":31,"column":19},"end":{"line":35,"column":3}},"13":{"start":{"line":32,"column":4},"end":{"line":34,"column":5}},"14":{"start":{"line":33,"column":6},"end":{"line":33,"column":55}},"15":{"start":{"line":33,"column":38},"end":{"line":33,"column":54}},"16":{"start":{"line":37,"column":19},"end":{"line":41,"column":3}},"17":{"start":{"line":38,"column":4},"end":{"line":40,"column":5}},"18":{"start":{"line":39,"column":6},"end":{"line":39,"column":55}},"19":{"start":{"line":39,"column":38},"end":{"line":39,"column":54}},"20":{"start":{"line":43,"column":2},"end":{"line":72,"column":3}},"21":{"start":{"line":52,"column":16},"end":{"line":52,"column":73}}},"fnMap":{"0":{"name":"Carousel","decl":{"start":{"line":9,"column":24},"end":{"line":9,"column":32}},"loc":{"start":{"line":9,"column":40},"end":{"line":73,"column":1}},"line":9},"1":{"name":"(anonymous_1)","decl":{"start":{"line":15,"column":12},"end":{"line":15,"column":13}},"loc":{"start":{"line":15,"column":18},"end":{"line":17,"column":3}},"line":15},"2":{"name":"(anonymous_2)","decl":{"start":{"line":19,"column":29},"end":{"line":19,"column":30}},"loc":{"start":{"line":19,"column":35},"end":{"line":29,"column":3}},"line":19},"3":{"name":"(anonymous_3)","decl":{"start":{"line":21,"column":12},"end":{"line":21,"column":13}},"loc":{"start":{"line":21,"column":22},"end":{"line":24,"column":7}},"line":21},"4":{"name":"(anonymous_4)","decl":{"start":{"line":25,"column":13},"end":{"line":25,"column":14}},"loc":{"start":{"line":25,"column":22},"end":{"line":28,"column":7}},"line":25},"5":{"name":"(anonymous_5)","decl":{"start":{"line":31,"column":19},"end":{"line":31,"column":20}},"loc":{"start":{"line":31,"column":25},"end":{"line":35,"column":3}},"line":31},"6":{"name":"(anonymous_6)","decl":{"start":{"line":33,"column":22},"end":{"line":33,"column":23}},"loc":{"start":{"line":33,"column":38},"end":{"line":33,"column":54}},"line":33},"7":{"name":"(anonymous_7)","decl":{"start":{"line":37,"column":19},"end":{"line":37,"column":20}},"loc":{"start":{"line":37,"column":25},"end":{"line":41,"column":3}},"line":37},"8":{"name":"(anonymous_8)","decl":{"start":{"line":39,"column":22},"end":{"line":39,"column":23}},"loc":{"start":{"line":39,"column":38},"end":{"line":39,"column":54}},"line":39},"9":{"name":"(anonymous_9)","decl":{"start":{"line":51,"column":34},"end":{"line":51,"column":35}},"loc":{"start":{"line":51,"column":47},"end":{"line":53,"column":15}},"line":51}},"branchMap":{"0":{"loc":{"start":{"line":32,"column":4},"end":{"line":34,"column":5}},"type":"if","locations":[{"start":{"line":32,"column":4},"end":{"line":34,"column":5}},{"start":{"line":32,"column":4},"end":{"line":34,"column":5}}],"line":32},"1":{"loc":{"start":{"line":32,"column":8},"end":{"line":32,"column":56}},"type":"binary-expr","locations":[{"start":{"line":32,"column":8},"end":{"line":32,"column":25}},{"start":{"line":32,"column":29},"end":{"line":32,"column":56}}],"line":32},"2":{"loc":{"start":{"line":38,"column":4},"end":{"line":40,"column":5}},"type":"if","locations":[{"start":{"line":38,"column":4},"end":{"line":40,"column":5}},{"start":{"line":38,"column":4},"end":{"line":40,"column":5}}],"line":38},"3":{"loc":{"start":{"line":38,"column":8},"end":{"line":38,"column":56}},"type":"binary-expr","locations":[{"start":{"line":38,"column":8},"end":{"line":38,"column":24}},{"start":{"line":38,"column":28},"end":{"line":38,"column":56}}],"line":38},"4":{"loc":{"start":{"line":47,"column":9},"end":{"line":47,"column":88}},"type":"binary-expr","locations":[{"start":{"line":47,"column":9},"end":{"line":47,"column":25}},{"start":{"line":47,"column":29},"end":{"line":47,"column":88}}],"line":47},"5":{"loc":{"start":{"line":57,"column":9},"end":{"line":57,"column":101}},"type":"binary-expr","locations":[{"start":{"line":57,"column":9},"end":{"line":57,"column":36}},{"start":{"line":57,"column":40},"end":{"line":57,"column":101}}],"line":57}},"s":{"0":0,"1":0,"2":0,"3":0,"4":0,"5":0,"6":0,"7":0,"8":0,"9":0,"10":0,"11":0,"12":0,"13":0,"14":0,"15":0,"16":0,"17":0,"18":0,"19":0,"20":0,"21":0},"f":{"0":0,"1":0,"2":0,"3":0,"4":0,"5":0,"6":0,"7":0,"8":0,"9":0},"b":{"0":[0,0],"1":[0,0],"2":[0,0],"3":[0,0],"4":[0,0],"5":[0,0]},"_coverageSchema":"1a1c01bbd47fc00a2c39e90264f33305004495a9","hash":"0ecba0385bffc5b3c0b4a06454b2c27cc621c488"}
,"/Users/louisa/HR/HR2021/FEC/client/src/components/FourOhFour.jsx": {"path":"/Users/louisa/HR/HR2021/FEC/client/src/components/FourOhFour.jsx","statementMap":{"0":{"start":{"line":4,"column":28},"end":{"line":14,"column":1}},"1":{"start":{"line":5,"column":19},"end":{"line":5,"column":32}},"2":{"start":{"line":7,"column":2},"end":{"line":13,"column":3}}},"fnMap":{"0":{"name":"(anonymous_0)","decl":{"start":{"line":4,"column":28},"end":{"line":4,"column":29}},"loc":{"start":{"line":4,"column":39},"end":{"line":14,"column":1}},"line":4}},"branchMap":{"0":{"loc":{"start":{"line":11,"column":7},"end":{"line":11,"column":90}},"type":"cond-expr","locations":[{"start":{"line":11,"column":33},"end":{"line":11,"column":75}},{"start":{"line":11,"column":78},"end":{"line":11,"column":90}}],"line":11}},"s":{"0":2,"1":2,"2":2},"f":{"0":2},"b":{"0":[2,0]},"_coverageSchema":"1a1c01bbd47fc00a2c39e90264f33305004495a9","hash":"bbd8f9082074ae255cf64a735d637c224eb0a492"}
,"/Users/louisa/HR/HR2021/FEC/client/src/components/MainImageGallery.jsx": {"path":"/Users/louisa/HR/HR2021/FEC/client/src/components/MainImageGallery.jsx","statementMap":{"0":{"start":{"line":3,"column":34},"end":{"line":65,"column":1}},"1":{"start":{"line":4,"column":44},"end":{"line":4,"column":59}},"2":{"start":{"line":5,"column":44},"end":{"line":5,"column":54}},"3":{"start":{"line":6,"column":38},"end":{"line":6,"column":50}},"4":{"start":{"line":8,"column":2},"end":{"line":13,"column":13}},"5":{"start":{"line":9,"column":4},"end":{"line":12,"column":5}},"6":{"start":{"line":10,"column":6},"end":{"line":10,"column":43}},"7":{"start":{"line":11,"column":6},"end":{"line":11,"column":57}},"8":{"start":{"line":15,"column":2},"end":{"line":21,"column":21}},"9":{"start":{"line":16,"column":4},"end":{"line":20,"column":5}},"10":{"start":{"line":17,"column":6},"end":{"line":19,"column":9}},"11":{"start":{"line":18,"column":8},"end":{"line":18,"column":130}},"12":{"start":{"line":23,"column":28},"end":{"line":26,"column":3}},"13":{"start":{"line":24,"column":4},"end":{"line":24,"column":22}},"14":{"start":{"line":25,"column":4},"end":{"line":25,"column":83}},"15":{"start":{"line":28,"column":25},"end":{"line":35,"column":3}},"16":{"start":{"line":37,"column":19},"end":{"line":40,"column":3}},"17":{"start":{"line":42,"column":25},"end":{"line":46,"column":3}},"18":{"start":{"line":48,"column":21},"end":{"line":53,"column":3}},"19":{"start":{"line":55,"column":2},"end":{"line":64,"column":3}}},"fnMap":{"0":{"name":"(anonymous_0)","decl":{"start":{"line":3,"column":34},"end":{"line":3,"column":35}},"loc":{"start":{"line":3,"column":45},"end":{"line":65,"column":1}},"line":3},"1":{"name":"(anonymous_1)","decl":{"start":{"line":8,"column":12},"end":{"line":8,"column":13}},"loc":{"start":{"line":8,"column":18},"end":{"line":13,"column":3}},"line":8},"2":{"name":"(anonymous_2)","decl":{"start":{"line":15,"column":12},"end":{"line":15,"column":13}},"loc":{"start":{"line":15,"column":18},"end":{"line":21,"column":3}},"line":15},"3":{"name":"(anonymous_3)","decl":{"start":{"line":17,"column":45},"end":{"line":17,"column":46}},"loc":{"start":{"line":17,"column":63},"end":{"line":19,"column":7}},"line":17},"4":{"name":"(anonymous_4)","decl":{"start":{"line":23,"column":28},"end":{"line":23,"column":29}},"loc":{"start":{"line":23,"column":35},"end":{"line":26,"column":3}},"line":23}},"branchMap":{"0":{"loc":{"start":{"line":9,"column":4},"end":{"line":12,"column":5}},"type":"if","locations":[{"start":{"line":9,"column":4},"end":{"line":12,"column":5}},{"start":{"line":9,"column":4},"end":{"line":12,"column":5}}],"line":9},"1":{"loc":{"start":{"line":16,"column":4},"end":{"line":20,"column":5}},"type":"if","locations":[{"start":{"line":16,"column":4},"end":{"line":20,"column":5}},{"start":{"line":16,"column":4},"end":{"line":20,"column":5}}],"line":16}},"s":{"0":3,"1":18,"2":18,"3":18,"4":18,"5":11,"6":3,"7":3,"8":18,"9":8,"10":3,"11":18,"12":18,"13":1,"14":1,"15":18,"16":18,"17":18,"18":18,"19":18},"f":{"0":18,"1":11,"2":8,"3":18,"4":1},"b":{"0":[3,8],"1":[3,5]},"_coverageSchema":"1a1c01bbd47fc00a2c39e90264f33305004495a9","hash":"d66b44611669b8e27d677af024db6c9fc5ba671f"}
,"/Users/louisa/HR/HR2021/FEC/client/src/components/ProductCheckout.jsx": {"path":"/Users/louisa/HR/HR2021/FEC/client/src/components/ProductCheckout.jsx","statementMap":{"0":{"start":{"line":3,"column":33},"end":{"line":19,"column":1}},"1":{"start":{"line":4,"column":2},"end":{"line":18,"column":3}}},"fnMap":{"0":{"name":"(anonymous_0)","decl":{"start":{"line":3,"column":33},"end":{"line":3,"column":34}},"loc":{"start":{"line":3,"column":44},"end":{"line":19,"column":1}},"line":3}},"branchMap":{},"s":{"0":4,"1":15},"f":{"0":15},"b":{},"_coverageSchema":"1a1c01bbd47fc00a2c39e90264f33305004495a9","hash":"d66f50ae6badc161644a3201d5d39c9282b26bf4"}
,"/Users/louisa/HR/HR2021/FEC/client/src/components/ProductDescription.jsx": {"path":"/Users/louisa/HR/HR2021/FEC/client/src/components/ProductDescription.jsx","statementMap":{"0":{"start":{"line":6,"column":36},"end":{"line":22,"column":1}},"1":{"start":{"line":7,"column":17},"end":{"line":11,"column":3}},"2":{"start":{"line":12,"column":2},"end":{"line":21,"column":3}}},"fnMap":{"0":{"name":"(anonymous_0)","decl":{"start":{"line":6,"column":36},"end":{"line":6,"column":37}},"loc":{"start":{"line":6,"column":47},"end":{"line":22,"column":1}},"line":6}},"branchMap":{},"s":{"0":3,"1":13,"2":13},"f":{"0":13},"b":{},"_coverageSchema":"1a1c01bbd47fc00a2c39e90264f33305004495a9","hash":"1daa77a8e6bfa7b8129f1fddcc760babc00b7cc0"}
,"/Users/louisa/HR/HR2021/FEC/client/src/components/ProductDetailFooter.jsx": {"path":"/Users/louisa/HR/HR2021/FEC/client/src/components/ProductDetailFooter.jsx","statementMap":{"0":{"start":{"line":3,"column":37},"end":{"line":25,"column":1}},"1":{"start":{"line":4,"column":23},"end":{"line":7,"column":3}},"2":{"start":{"line":9,"column":28},"end":{"line":14,"column":3}},"3":{"start":{"line":15,"column":2},"end":{"line":24,"column":3}},"4":{"start":{"line":20,"column":10},"end":{"line":20,"column":69}}},"fnMap":{"0":{"name":"(anonymous_0)","decl":{"start":{"line":3,"column":37},"end":{"line":3,"column":38}},"loc":{"start":{"line":3,"column":48},"end":{"line":25,"column":1}},"line":3},"1":{"name":"(anonymous_1)","decl":{"start":{"line":19,"column":43},"end":{"line":19,"column":44}},"loc":{"start":{"line":19,"column":61},"end":{"line":21,"column":9}},"line":19}},"branchMap":{},"s":{"0":3,"1":7,"2":7,"3":7,"4":14},"f":{"0":7,"1":14},"b":{},"_coverageSchema":"1a1c01bbd47fc00a2c39e90264f33305004495a9","hash":"6b8d510a063c491883313921724fef7a4fa1581e"}
,"/Users/louisa/HR/HR2021/FEC/client/src/components/ProductDetailPage.jsx": {"path":"/Users/louisa/HR/HR2021/FEC/client/src/components/ProductDetailPage.jsx","statementMap":{"0":{"start":{"line":9,"column":35},"end":{"line":66,"column":1}},"1":{"start":{"line":10,"column":24},"end":{"line":10,"column":35}},"2":{"start":{"line":11,"column":46},"end":{"line":11,"column":61}},"3":{"start":{"line":12,"column":30},"end":{"line":12,"column":42}},"4":{"start":{"line":13,"column":44},"end":{"line":13,"column":59}},"5":{"start":{"line":14,"column":34},"end":{"line":14,"column":49}},"6":{"start":{"line":16,"column":28},"end":{"line":25,"column":3}},"7":{"start":{"line":17,"column":4},"end":{"line":24,"column":8}},"8":{"start":{"line":19,"column":8},"end":{"line":19,"column":36}},"9":{"start":{"line":20,"column":8},"end":{"line":20,"column":19}},"10":{"start":{"line":23,"column":8},"end":{"line":23,"column":24}},"11":{"start":{"line":27,"column":20},"end":{"line":36,"column":3}},"12":{"start":{"line":28,"column":4},"end":{"line":35,"column":8}},"13":{"start":{"line":30,"column":8},"end":{"line":30,"column":35}},"14":{"start":{"line":31,"column":8},"end":{"line":31,"column":45}},"15":{"start":{"line":34,"column":8},"end":{"line":34,"column":24}},"16":{"start":{"line":38,"column":30},"end":{"line":40,"column":3}},"17":{"start":{"line":39,"column":4},"end":{"line":39,"column":35}},"18":{"start":{"line":42,"column":2},"end":{"line":44,"column":8}},"19":{"start":{"line":43,"column":4},"end":{"line":43,"column":23}},"20":{"start":{"line":46,"column":30},"end":{"line":48,"column":3}},"21":{"start":{"line":50,"column":2},"end":{"line":65,"column":3}}},"fnMap":{"0":{"name":"(anonymous_0)","decl":{"start":{"line":9,"column":35},"end":{"line":9,"column":36}},"loc":{"start":{"line":9,"column":46},"end":{"line":66,"column":1}},"line":9},"1":{"name":"(anonymous_1)","decl":{"start":{"line":16,"column":28},"end":{"line":16,"column":29}},"loc":{"start":{"line":16,"column":34},"end":{"line":25,"column":3}},"line":16},"2":{"name":"(anonymous_2)","decl":{"start":{"line":18,"column":12},"end":{"line":18,"column":13}},"loc":{"start":{"line":18,"column":22},"end":{"line":21,"column":7}},"line":18},"3":{"name":"(anonymous_3)","decl":{"start":{"line":22,"column":13},"end":{"line":22,"column":14}},"loc":{"start":{"line":22,"column":22},"end":{"line":24,"column":7}},"line":22},"4":{"name":"(anonymous_4)","decl":{"start":{"line":27,"column":20},"end":{"line":27,"column":21}},"loc":{"start":{"line":27,"column":26},"end":{"line":36,"column":3}},"line":27},"5":{"name":"(anonymous_5)","decl":{"start":{"line":29,"column":12},"end":{"line":29,"column":13}},"loc":{"start":{"line":29,"column":19},"end":{"line":32,"column":7}},"line":29},"6":{"name":"(anonymous_6)","decl":{"start":{"line":33,"column":13},"end":{"line":33,"column":14}},"loc":{"start":{"line":33,"column":20},"end":{"line":35,"column":7}},"line":33},"7":{"name":"(anonymous_7)","decl":{"start":{"line":38,"column":30},"end":{"line":38,"column":31}},"loc":{"start":{"line":38,"column":41},"end":{"line":40,"column":3}},"line":38},"8":{"name":"(anonymous_8)","decl":{"start":{"line":42,"column":12},"end":{"line":42,"column":13}},"loc":{"start":{"line":42,"column":18},"end":{"line":44,"column":3}},"line":42}},"branchMap":{"0":{"loc":{"start":{"line":52,"column":7},"end":{"line":58,"column":14}},"type":"cond-expr","locations":[{"start":{"line":53,"column":10},"end":{"line":57,"column":12}},{"start":{"line":58,"column":10},"end":{"line":58,"column":14}}],"line":52},"1":{"loc":{"start":{"line":63,"column":7},"end":{"line":63,"column":89}},"type":"cond-expr","locations":[{"start":{"line":63,"column":24},"end":{"line":63,"column":79}},{"start":{"line":63,"column":82},"end":{"line":63,"column":89}}],"line":63}},"s":{"0":2,"1":9,"2":9,"3":9,"4":9,"5":9,"6":9,"7":3,"8":2,"9":2,"10":1,"11":9,"12":2,"13":1,"14":1,"15":1,"16":9,"17":0,"18":9,"19":3,"20":9,"21":9},"f":{"0":9,"1":3,"2":2,"3":1,"4":2,"5":1,"6":1,"7":0,"8":3},"b":{"0":[2,7],"1":[5,4]},"_coverageSchema":"1a1c01bbd47fc00a2c39e90264f33305004495a9","hash":"b02ad3e152e1f77324eacd5919aefca69ee62978"}
,"/Users/louisa/HR/HR2021/FEC/client/src/components/ProductStars.jsx": {"path":"/Users/louisa/HR/HR2021/FEC/client/src/components/ProductStars.jsx","statementMap":{"0":{"start":{"line":3,"column":30},"end":{"line":27,"column":1}},"1":{"start":{"line":10,"column":22},"end":{"line":14,"column":3}},"2":{"start":{"line":16,"column":2},"end":{"line":26,"column":3}}},"fnMap":{"0":{"name":"(anonymous_0)","decl":{"start":{"line":3,"column":30},"end":{"line":3,"column":31}},"loc":{"start":{"line":3,"column":41},"end":{"line":27,"column":1}},"line":3}},"branchMap":{},"s":{"0":4,"1":14,"2":14},"f":{"0":14},"b":{},"_coverageSchema":"1a1c01bbd47fc00a2c39e90264f33305004495a9","hash":"2d7a891df53d5f6a8ee136f3d47a81fb35b75f97"}
,"/Users/louisa/HR/HR2021/FEC/client/src/components/ProductStyleSelector.jsx": {"path":"/Users/louisa/HR/HR2021/FEC/client/src/components/ProductStyleSelector.jsx","statementMap":{"0":{"start":{"line":4,"column":30},"end":{"line":24,"column":1}},"1":{"start":{"line":5,"column":30},"end":{"line":8,"column":3}},"2":{"start":{"line":6,"column":18},"end":{"line":6,"column":53}},"3":{"start":{"line":7,"column":4},"end":{"line":7,"column":36}},"4":{"start":{"line":10,"column":23},"end":{"line":10,"column":25}},"5":{"start":{"line":12,"column":2},"end":{"line":16,"column":3}},"6":{"start":{"line":13,"column":4},"end":{"line":15,"column":6}},"7":{"start":{"line":14,"column":6},"end":{"line":14,"column":109}},"8":{"start":{"line":18,"column":2},"end":{"line":23,"column":3}}},"fnMap":{"0":{"name":"(anonymous_0)","decl":{"start":{"line":4,"column":30},"end":{"line":4,"column":31}},"loc":{"start":{"line":4,"column":41},"end":{"line":24,"column":1}},"line":4},"1":{"name":"(anonymous_1)","decl":{"start":{"line":5,"column":30},"end":{"line":5,"column":31}},"loc":{"start":{"line":5,"column":37},"end":{"line":8,"column":3}},"line":5},"2":{"name":"(anonymous_2)","decl":{"start":{"line":13,"column":38},"end":{"line":13,"column":39}},"loc":{"start":{"line":14,"column":6},"end":{"line":14,"column":109}},"line":14}},"branchMap":{"0":{"loc":{"start":{"line":12,"column":2},"end":{"line":16,"column":3}},"type":"if","locations":[{"start":{"line":12,"column":2},"end":{"line":16,"column":3}},{"start":{"line":12,"column":2},"end":{"line":16,"column":3}}],"line":12}},"s":{"0":4,"1":16,"2":1,"3":1,"4":16,"5":16,"6":5,"7":30,"8":16},"f":{"0":16,"1":1,"2":30},"b":{"0":[5,11]},"_coverageSchema":"1a1c01bbd47fc00a2c39e90264f33305004495a9","hash":"3a22ee9b3eddf77d1bf03d117ec2b4b94d74b7fc"}
,"/Users/louisa/HR/HR2021/FEC/client/src/components/ReviewList.jsx": {"path":"/Users/louisa/HR/HR2021/FEC/client/src/components/ReviewList.jsx","statementMap":{"0":{"start":{"line":6,"column":19},"end":{"line":36,"column":1}},"1":{"start":{"line":7,"column":32},"end":{"line":7,"column":44}},"2":{"start":{"line":9,"column":2},"end":{"line":11,"column":8}},"3":{"start":{"line":10,"column":4},"end":{"line":10,"column":16}},"4":{"start":{"line":13,"column":21},"end":{"line":26,"column":3}},"5":{"start":{"line":14,"column":4},"end":{"line":25,"column":8}},"6":{"start":{"line":21,"column":8},"end":{"line":21,"column":37}},"7":{"start":{"line":24,"column":8},"end":{"line":24,"column":28}},"8":{"start":{"line":28,"column":26},"end":{"line":28,"column":28}},"9":{"start":{"line":29,"column":2},"end":{"line":31,"column":4}},"10":{"start":{"line":30,"column":4},"end":{"line":30,"column":64}},"11":{"start":{"line":33,"column":2},"end":{"line":35,"column":3}}},"fnMap":{"0":{"name":"(anonymous_0)","decl":{"start":{"line":6,"column":19},"end":{"line":6,"column":20}},"loc":{"start":{"line":6,"column":30},"end":{"line":36,"column":1}},"line":6},"1":{"name":"(anonymous_1)","decl":{"start":{"line":9,"column":12},"end":{"line":9,"column":13}},"loc":{"start":{"line":9,"column":18},"end":{"line":11,"column":3}},"line":9},"2":{"name":"(anonymous_2)","decl":{"start":{"line":13,"column":21},"end":{"line":13,"column":22}},"loc":{"start":{"line":13,"column":27},"end":{"line":26,"column":3}},"line":13},"3":{"name":"(anonymous_3)","decl":{"start":{"line":20,"column":12},"end":{"line":20,"column":13}},"loc":{"start":{"line":20,"column":22},"end":{"line":22,"column":7}},"line":20},"4":{"name":"(anonymous_4)","decl":{"start":{"line":23,"column":13},"end":{"line":23,"column":14}},"loc":{"start":{"line":23,"column":24},"end":{"line":25,"column":7}},"line":23},"5":{"name":"(anonymous_5)","decl":{"start":{"line":29,"column":14},"end":{"line":29,"column":15}},"loc":{"start":{"line":29,"column":30},"end":{"line":31,"column":3}},"line":29}},"branchMap":{},"s":{"0":1,"1":0,"2":0,"3":0,"4":0,"5":0,"6":0,"7":0,"8":0,"9":0,"10":0,"11":0},"f":{"0":0,"1":0,"2":0,"3":0,"4":0,"5":0},"b":{},"_coverageSchema":"1a1c01bbd47fc00a2c39e90264f33305004495a9","hash":"f57c8a58434909eb330720e6a9f0a5e754a1ee02"}
,"/Users/louisa/HR/HR2021/FEC/client/src/components/ReviewMetaData.jsx": {"path":"/Users/louisa/HR/HR2021/FEC/client/src/components/ReviewMetaData.jsx","statementMap":{"0":{"start":{"line":5,"column":23},"end":{"line":52,"column":1}},"1":{"start":{"line":6,"column":40},"end":{"line":9,"column":4}},"2":{"start":{"line":11,"column":2},"end":{"line":13,"column":8}},"3":{"start":{"line":12,"column":4},"end":{"line":12,"column":20}},"4":{"start":{"line":15,"column":25},"end":{"line":27,"column":3}},"5":{"start":{"line":16,"column":4},"end":{"line":26,"column":8}},"6":{"start":{"line":22,"column":8},"end":{"line":22,"column":35}},"7":{"start":{"line":25,"column":8},"end":{"line":25,"column":28}},"8":{"start":{"line":29,"column":27},"end":{"line":43,"column":3}},"9":{"start":{"line":30,"column":25},"end":{"line":30,"column":26}},"10":{"start":{"line":31,"column":22},"end":{"line":31,"column":23}},"11":{"start":{"line":33,"column":4},"end":{"line":36,"column":5}},"12":{"start":{"line":34,"column":6},"end":{"line":34,"column":83}},"13":{"start":{"line":35,"column":6},"end":{"line":35,"column":61}},"14":{"start":{"line":38,"column":4},"end":{"line":38,"column":49}},"15":{"start":{"line":39,"column":4},"end":{"line":42,"column":6}},"16":{"start":{"line":45,"column":2},"end":{"line":51,"column":3}}},"fnMap":{"0":{"name":"(anonymous_0)","decl":{"start":{"line":5,"column":23},"end":{"line":5,"column":24}},"loc":{"start":{"line":5,"column":34},"end":{"line":52,"column":1}},"line":5},"1":{"name":"(anonymous_1)","decl":{"start":{"line":11,"column":12},"end":{"line":11,"column":13}},"loc":{"start":{"line":11,"column":18},"end":{"line":13,"column":3}},"line":11},"2":{"name":"(anonymous_2)","decl":{"start":{"line":15,"column":25},"end":{"line":15,"column":26}},"loc":{"start":{"line":15,"column":31},"end":{"line":27,"column":3}},"line":15},"3":{"name":"(anonymous_3)","decl":{"start":{"line":21,"column":12},"end":{"line":21,"column":13}},"loc":{"start":{"line":21,"column":22},"end":{"line":23,"column":7}},"line":21},"4":{"name":"(anonymous_4)","decl":{"start":{"line":24,"column":13},"end":{"line":24,"column":14}},"loc":{"start":{"line":24,"column":24},"end":{"line":26,"column":7}},"line":24},"5":{"name":"(anonymous_5)","decl":{"start":{"line":29,"column":27},"end":{"line":29,"column":28}},"loc":{"start":{"line":29,"column":37},"end":{"line":43,"column":3}},"line":29}},"branchMap":{},"s":{"0":1,"1":0,"2":0,"3":0,"4":0,"5":0,"6":0,"7":0,"8":0,"9":0,"10":0,"11":0,"12":0,"13":0,"14":0,"15":0,"16":0},"f":{"0":0,"1":0,"2":0,"3":0,"4":0,"5":0},"b":{},"_coverageSchema":"1a1c01bbd47fc00a2c39e90264f33305004495a9","hash":"7cd5c1dc9a8777b3d769c11389399bbe4fe80589"}
,"/Users/louisa/HR/HR2021/FEC/client/src/components/ReviewSection.jsx": {"path":"/Users/louisa/HR/HR2021/FEC/client/src/components/ReviewSection.jsx","statementMap":{"0":{"start":{"line":8,"column":22},"end":{"line":18,"column":1}},"1":{"start":{"line":9,"column":2},"end":{"line":17,"column":3}}},"fnMap":{"0":{"name":"(anonymous_0)","decl":{"start":{"line":8,"column":22},"end":{"line":8,"column":23}},"loc":{"start":{"line":8,"column":33},"end":{"line":18,"column":1}},"line":8}},"branchMap":{},"s":{"0":1,"1":0},"f":{"0":0},"b":{},"_coverageSchema":"1a1c01bbd47fc00a2c39e90264f33305004495a9","hash":"46564df647761340fd2aba83c3231e9181828232"}
,"/Users/louisa/HR/HR2021/FEC/client/src/components/ReviewTile.jsx": {"path":"/Users/louisa/HR/HR2021/FEC/client/src/components/ReviewTile.jsx","statementMap":{"0":{"start":{"line":6,"column":19},"end":{"line":29,"column":1}},"1":{"start":{"line":7,"column":2},"end":{"line":28,"column":3}}},"fnMap":{"0":{"name":"(anonymous_0)","decl":{"start":{"line":6,"column":19},"end":{"line":6,"column":20}},"loc":{"start":{"line":6,"column":30},"end":{"line":29,"column":1}},"line":6}},"branchMap":{},"s":{"0":1,"1":0},"f":{"0":0},"b":{},"_coverageSchema":"1a1c01bbd47fc00a2c39e90264f33305004495a9","hash":"6b92d3b9d832c1ce17f3f8c107fb7a57d1c4f0a9"}
,"/Users/louisa/HR/HR2021/FEC/client/src/components/StyleSelectorItem.jsx": {"path":"/Users/louisa/HR/HR2021/FEC/client/src/components/StyleSelectorItem.jsx","statementMap":{"0":{"start":{"line":3,"column":36},"end":{"line":13,"column":1}},"1":{"start":{"line":4,"column":17},"end":{"line":9,"column":3}},"2":{"start":{"line":10,"column":2},"end":{"line":12,"column":3}}},"fnMap":{"0":{"name":"(anonymous_0)","decl":{"start":{"line":3,"column":36},"end":{"line":3,"column":37}},"loc":{"start":{"line":3,"column":47},"end":{"line":13,"column":1}},"line":3}},"branchMap":{},"s":{"0":5,"1":33,"2":33},"f":{"0":33},"b":{},"_coverageSchema":"1a1c01bbd47fc00a2c39e90264f33305004495a9","hash":"24f5fec28f61a21151acde95f0c68e1cecfeb1fb"}
,"/Users/louisa/HR/HR2021/FEC/client/src/components/relatedProducts/ProductCards.jsx": {"path":"/Users/louisa/HR/HR2021/FEC/client/src/components/relatedProducts/ProductCards.jsx","statementMap":{"0":{"start":{"line":6,"column":2},"end":{"line":28,"column":3}}},"fnMap":{"0":{"name":"ProductCards","decl":{"start":{"line":5,"column":24},"end":{"line":5,"column":36}},"loc":{"start":{"line":5,"column":45},"end":{"line":29,"column":1}},"line":5}},"branchMap":{"0":{"loc":{"start":{"line":19,"column":40},"end":{"line":19,"column":126}},"type":"cond-expr","locations":[{"start":{"line":19,"column":62},"end":{"line":19,"column":103}},{"start":{"line":19,"column":107},"end":{"line":19,"column":126}}],"line":19},"1":{"loc":{"start":{"line":19,"column":62},"end":{"line":19,"column":103}},"type":"binary-expr","locations":[{"start":{"line":19,"column":62},"end":{"line":19,"column":80}},{"start":{"line":19,"column":84},"end":{"line":19,"column":103}}],"line":19}},"s":{"0":1},"f":{"0":1},"b":{"0":[0,1],"1":[0,0]},"_coverageSchema":"1a1c01bbd47fc00a2c39e90264f33305004495a9","hash":"d979b781bc8e369efe875adc0e399ae41dc89269"}
,"/Users/louisa/HR/HR2021/FEC/client/src/components/relatedProducts/ProductList.jsx": {"path":"/Users/louisa/HR/HR2021/FEC/client/src/components/relatedProducts/ProductList.jsx","statementMap":{"0":{"start":{"line":5,"column":2},"end":{"line":10,"column":3}}},"fnMap":{"0":{"name":"ProductList","decl":{"start":{"line":4,"column":24},"end":{"line":4,"column":35}},"loc":{"start":{"line":4,"column":44},"end":{"line":11,"column":1}},"line":4}},"branchMap":{},"s":{"0":1},"f":{"0":1},"b":{},"_coverageSchema":"1a1c01bbd47fc00a2c39e90264f33305004495a9","hash":"1ba1db3dead3c9d2994b7126d80592edd372b589"}
,"/Users/louisa/HR/HR2021/FEC/client/src/components/userOutfits/AddCard.jsx": {"path":"/Users/louisa/HR/HR2021/FEC/client/src/components/userOutfits/AddCard.jsx","statementMap":{"0":{"start":{"line":5,"column":2},"end":{"line":12,"column":3}}},"fnMap":{"0":{"name":"AddCard","decl":{"start":{"line":4,"column":24},"end":{"line":4,"column":31}},"loc":{"start":{"line":4,"column":40},"end":{"line":13,"column":1}},"line":4}},"branchMap":{},"s":{"0":0},"f":{"0":0},"b":{},"_coverageSchema":"1a1c01bbd47fc00a2c39e90264f33305004495a9","hash":"f6021a2091735981c217ea60c8840e54a81d6283"}
,"/Users/louisa/HR/HR2021/FEC/client/src/components/userOutfits/OutfitCard.jsx": {"path":"/Users/louisa/HR/HR2021/FEC/client/src/components/userOutfits/OutfitCard.jsx","statementMap":{"0":{"start":{"line":5,"column":2},"end":{"line":25,"column":3}}},"fnMap":{"0":{"name":"OutfitCard","decl":{"start":{"line":4,"column":24},"end":{"line":4,"column":34}},"loc":{"start":{"line":4,"column":43},"end":{"line":26,"column":1}},"line":4}},"branchMap":{},"s":{"0":0},"f":{"0":0},"b":{},"_coverageSchema":"1a1c01bbd47fc00a2c39e90264f33305004495a9","hash":"7d694e26ef16f9ebf74a378e601ea06a93b77052"}
,"/Users/louisa/HR/HR2021/FEC/client/src/components/userOutfits/OutfitList.jsx": {"path":"/Users/louisa/HR/HR2021/FEC/client/src/components/userOutfits/OutfitList.jsx","statementMap":{"0":{"start":{"line":6,"column":2},"end":{"line":11,"column":3}}},"fnMap":{"0":{"name":"OutfitList","decl":{"start":{"line":5,"column":24},"end":{"line":5,"column":34}},"loc":{"start":{"line":5,"column":43},"end":{"line":12,"column":1}},"line":5}},"branchMap":{},"s":{"0":0},"f":{"0":0},"b":{},"_coverageSchema":"1a1c01bbd47fc00a2c39e90264f33305004495a9","hash":"6d53a992c91c2ce3604e1099b70b22177c1f4207"}
}
