{"/Users/louisa/HR/HR2021/FEC/client/src/QAComponents/Answer.jsx": {"path":"/Users/louisa/HR/HR2021/FEC/client/src/QAComponents/Answer.jsx","statementMap":{"0":{"start":{"line":6,"column":15},"end":{"line":128,"column":1}},"1":{"start":{"line":7,"column":28},"end":{"line":7,"column":38}},"2":{"start":{"line":8,"column":32},"end":{"line":8,"column":44}},"3":{"start":{"line":9,"column":40},"end":{"line":9,"column":67}},"4":{"start":{"line":10,"column":44},"end":{"line":10,"column":71}},"5":{"start":{"line":11,"column":34},"end":{"line":11,"column":49}},"6":{"start":{"line":12,"column":26},"end":{"line":12,"column":33}},"7":{"start":{"line":16,"column":24},"end":{"line":27,"column":3}},"8":{"start":{"line":17,"column":4},"end":{"line":17,"column":51}},"9":{"start":{"line":18,"column":4},"end":{"line":20,"column":5}},"10":{"start":{"line":19,"column":6},"end":{"line":19,"column":12}},"11":{"start":{"line":21,"column":4},"end":{"line":26,"column":37}},"12":{"start":{"line":23,"column":8},"end":{"line":23,"column":40}},"13":{"start":{"line":24,"column":8},"end":{"line":24,"column":28}},"14":{"start":{"line":26,"column":20},"end":{"line":26,"column":36}},"15":{"start":{"line":29,"column":23},"end":{"line":40,"column":3}},"16":{"start":{"line":30,"column":21},"end":{"line":30,"column":65}},"17":{"start":{"line":31,"column":4},"end":{"line":31,"column":22}},"18":{"start":{"line":32,"column":4},"end":{"line":32,"column":48}},"19":{"start":{"line":33,"column":4},"end":{"line":39,"column":8}},"20":{"start":{"line":35,"column":8},"end":{"line":35,"column":25}},"21":{"start":{"line":38,"column":8},"end":{"line":38,"column":26}},"22":{"start":{"line":42,"column":24},"end":{"line":53,"column":3}},"23":{"start":{"line":43,"column":21},"end":{"line":43,"column":65}},"24":{"start":{"line":44,"column":4},"end":{"line":44,"column":22}},"25":{"start":{"line":45,"column":4},"end":{"line":45,"column":57}},"26":{"start":{"line":46,"column":4},"end":{"line":52,"column":8}},"27":{"start":{"line":48,"column":8},"end":{"line":48,"column":25}},"28":{"start":{"line":51,"column":8},"end":{"line":51,"column":26}},"29":{"start":{"line":56,"column":21},"end":{"line":76,"column":3}},"30":{"start":{"line":57,"column":4},"end":{"line":75,"column":6}},"31":{"start":{"line":58,"column":6},"end":{"line":62,"column":7}},"32":{"start":{"line":59,"column":8},"end":{"line":59,"column":26}},"33":{"start":{"line":61,"column":8},"end":{"line":61,"column":33}},"34":{"start":{"line":79,"column":25},"end":{"line":85,"column":3}},"35":{"start":{"line":80,"column":4},"end":{"line":80,"column":22}},"36":{"start":{"line":82,"column":4},"end":{"line":84,"column":6}},"37":{"start":{"line":83,"column":6},"end":{"line":83,"column":31}},"38":{"start":{"line":88,"column":2},"end":{"line":99,"column":25}},"39":{"start":{"line":89,"column":4},"end":{"line":98,"column":6}},"40":{"start":{"line":90,"column":6},"end":{"line":97,"column":7}},"41":{"start":{"line":91,"column":8},"end":{"line":91,"column":26}},"42":{"start":{"line":93,"column":8},"end":{"line":95,"column":10}},"43":{"start":{"line":94,"column":10},"end":{"line":94,"column":40}},"44":{"start":{"line":96,"column":8},"end":{"line":96,"column":54}},"45":{"start":{"line":96,"column":33},"end":{"line":96,"column":51}},"46":{"start":{"line":101,"column":2},"end":{"line":127,"column":3}},"47":{"start":{"line":106,"column":25},"end":{"line":106,"column":26}},"48":{"start":{"line":107,"column":8},"end":{"line":112,"column":9}},"49":{"start":{"line":108,"column":10},"end":{"line":108,"column":39}},"50":{"start":{"line":109,"column":10},"end":{"line":109,"column":60}},"51":{"start":{"line":110,"column":10},"end":{"line":110,"column":45}},"52":{"start":{"line":113,"column":8},"end":{"line":115,"column":9}},"53":{"start":{"line":114,"column":10},"end":{"line":114,"column":83}},"54":{"start":{"line":116,"column":8},"end":{"line":122,"column":9}}},"fnMap":{"0":{"name":"(anonymous_0)","decl":{"start":{"line":6,"column":15},"end":{"line":6,"column":16}},"loc":{"start":{"line":6,"column":26},"end":{"line":128,"column":1}},"line":6},"1":{"name":"(anonymous_1)","decl":{"start":{"line":16,"column":24},"end":{"line":16,"column":25}},"loc":{"start":{"line":16,"column":48},"end":{"line":27,"column":3}},"line":16},"2":{"name":"(anonymous_2)","decl":{"start":{"line":22,"column":12},"end":{"line":22,"column":13}},"loc":{"start":{"line":22,"column":20},"end":{"line":25,"column":7}},"line":22},"3":{"name":"(anonymous_3)","decl":{"start":{"line":26,"column":13},"end":{"line":26,"column":14}},"loc":{"start":{"line":26,"column":20},"end":{"line":26,"column":36}},"line":26},"4":{"name":"(anonymous_4)","decl":{"start":{"line":29,"column":23},"end":{"line":29,"column":24}},"loc":{"start":{"line":29,"column":30},"end":{"line":40,"column":3}},"line":29},"5":{"name":"(anonymous_5)","decl":{"start":{"line":34,"column":12},"end":{"line":34,"column":13}},"loc":{"start":{"line":34,"column":20},"end":{"line":36,"column":7}},"line":34},"6":{"name":"(anonymous_6)","decl":{"start":{"line":37,"column":13},"end":{"line":37,"column":14}},"loc":{"start":{"line":37,"column":20},"end":{"line":39,"column":7}},"line":37},"7":{"name":"(anonymous_7)","decl":{"start":{"line":42,"column":24},"end":{"line":42,"column":25}},"loc":{"start":{"line":42,"column":31},"end":{"line":53,"column":3}},"line":42},"8":{"name":"(anonymous_8)","decl":{"start":{"line":47,"column":12},"end":{"line":47,"column":13}},"loc":{"start":{"line":47,"column":20},"end":{"line":49,"column":7}},"line":47},"9":{"name":"(anonymous_9)","decl":{"start":{"line":50,"column":13},"end":{"line":50,"column":14}},"loc":{"start":{"line":50,"column":20},"end":{"line":52,"column":7}},"line":50},"10":{"name":"(anonymous_10)","decl":{"start":{"line":56,"column":21},"end":{"line":56,"column":22}},"loc":{"start":{"line":56,"column":47},"end":{"line":76,"column":3}},"line":56},"11":{"name":"(anonymous_11)","decl":{"start":{"line":57,"column":37},"end":{"line":57,"column":38}},"loc":{"start":{"line":57,"column":52},"end":{"line":75,"column":5}},"line":57},"12":{"name":"(anonymous_12)","decl":{"start":{"line":79,"column":25},"end":{"line":79,"column":26}},"loc":{"start":{"line":79,"column":32},"end":{"line":85,"column":3}},"line":79},"13":{"name":"(anonymous_13)","decl":{"start":{"line":82,"column":15},"end":{"line":82,"column":16}},"loc":{"start":{"line":82,"column":23},"end":{"line":84,"column":5}},"line":82},"14":{"name":"(anonymous_14)","decl":{"start":{"line":88,"column":12},"end":{"line":88,"column":13}},"loc":{"start":{"line":88,"column":18},"end":{"line":99,"column":3}},"line":88},"15":{"name":"(anonymous_15)","decl":{"start":{"line":89,"column":34},"end":{"line":89,"column":35}},"loc":{"start":{"line":89,"column":49},"end":{"line":98,"column":5}},"line":89},"16":{"name":"(anonymous_16)","decl":{"start":{"line":93,"column":19},"end":{"line":93,"column":20}},"loc":{"start":{"line":93,"column":27},"end":{"line":95,"column":9}},"line":93},"17":{"name":"(anonymous_17)","decl":{"start":{"line":96,"column":23},"end":{"line":96,"column":24}},"loc":{"start":{"line":96,"column":31},"end":{"line":96,"column":53}},"line":96},"18":{"name":"(anonymous_18)","decl":{"start":{"line":104,"column":24},"end":{"line":104,"column":25}},"loc":{"start":{"line":104,"column":34},"end":{"line":123,"column":7}},"line":104}},"branchMap":{"0":{"loc":{"start":{"line":18,"column":4},"end":{"line":20,"column":5}},"type":"if","locations":[{"start":{"line":18,"column":4},"end":{"line":20,"column":5}},{"start":{"line":18,"column":4},"end":{"line":20,"column":5}}],"line":18},"1":{"loc":{"start":{"line":58,"column":6},"end":{"line":62,"column":7}},"type":"if","locations":[{"start":{"line":58,"column":6},"end":{"line":62,"column":7}},{"start":{"line":58,"column":6},"end":{"line":62,"column":7}}],"line":58},"2":{"loc":{"start":{"line":90,"column":6},"end":{"line":97,"column":7}},"type":"if","locations":[{"start":{"line":90,"column":6},"end":{"line":97,"column":7}},{"start":{"line":90,"column":6},"end":{"line":97,"column":7}}],"line":90},"3":{"loc":{"start":{"line":107,"column":8},"end":{"line":112,"column":9}},"type":"if","locations":[{"start":{"line":107,"column":8},"end":{"line":112,"column":9}},{"start":{"line":107,"column":8},"end":{"line":112,"column":9}}],"line":107},"4":{"loc":{"start":{"line":113,"column":8},"end":{"line":115,"column":9}},"type":"if","locations":[{"start":{"line":113,"column":8},"end":{"line":115,"column":9}},{"start":{"line":113,"column":8},"end":{"line":115,"column":9}}],"line":113}},"s":{"0":1,"1":0,"2":0,"3":0,"4":0,"5":0,"6":0,"7":0,"8":0,"9":0,"10":0,"11":0,"12":0,"13":0,"14":0,"15":0,"16":0,"17":0,"18":0,"19":0,"20":0,"21":0,"22":0,"23":0,"24":0,"25":0,"26":0,"27":0,"28":0,"29":0,"30":0,"31":0,"32":0,"33":0,"34":0,"35":0,"36":0,"37":0,"38":0,"39":0,"40":0,"41":0,"42":0,"43":0,"44":0,"45":0,"46":0,"47":0,"48":0,"49":0,"50":0,"51":0,"52":0,"53":0,"54":0},"f":{"0":0,"1":0,"2":0,"3":0,"4":0,"5":0,"6":0,"7":0,"8":0,"9":0,"10":0,"11":0,"12":0,"13":0,"14":0,"15":0,"16":0,"17":0,"18":0},"b":{"0":[0,0],"1":[0,0],"2":[0,0],"3":[0,0],"4":[0,0]},"_coverageSchema":"1a1c01bbd47fc00a2c39e90264f33305004495a9","hash":"b152f790dc79ec8e57cc4913bf0a6f950d09147f"}
,"/Users/louisa/HR/HR2021/FEC/client/src/QAComponents/AnswerModal.jsx": {"path":"/Users/louisa/HR/HR2021/FEC/client/src/QAComponents/AnswerModal.jsx","statementMap":{"0":{"start":{"line":6,"column":20},"end":{"line":70,"column":1}},"1":{"start":{"line":7,"column":2},"end":{"line":7,"column":39}},"2":{"start":{"line":8,"column":19},"end":{"line":8,"column":27}},"3":{"start":{"line":9,"column":36},"end":{"line":9,"column":61}},"4":{"start":{"line":10,"column":21},"end":{"line":14,"column":3}},"5":{"start":{"line":11,"column":4},"end":{"line":13,"column":5}},"6":{"start":{"line":12,"column":6},"end":{"line":12,"column":25}},"7":{"start":{"line":16,"column":19},"end":{"line":24,"column":3}},"8":{"start":{"line":18,"column":6},"end":{"line":21,"column":7}},"9":{"start":{"line":19,"column":8},"end":{"line":19,"column":27}},"10":{"start":{"line":20,"column":8},"end":{"line":20,"column":41}},"11":{"start":{"line":26,"column":26},"end":{"line":44,"column":3}},"12":{"start":{"line":27,"column":4},"end":{"line":27,"column":22}},"13":{"start":{"line":29,"column":19},"end":{"line":29,"column":36}},"14":{"start":{"line":30,"column":21},"end":{"line":30,"column":38}},"15":{"start":{"line":31,"column":18},"end":{"line":31,"column":35}},"16":{"start":{"line":32,"column":15},"end":{"line":32,"column":37}},"17":{"start":{"line":33,"column":4},"end":{"line":33,"column":84}},"18":{"start":{"line":34,"column":4},"end":{"line":43,"column":39}},"19":{"start":{"line":41,"column":8},"end":{"line":41,"column":25}},"20":{"start":{"line":43,"column":20},"end":{"line":43,"column":38}},"21":{"start":{"line":46,"column":2},"end":{"line":52,"column":3}},"22":{"start":{"line":48,"column":6},"end":{"line":48,"column":52}},"23":{"start":{"line":49,"column":6},"end":{"line":49,"column":68}},"24":{"start":{"line":49,"column":19},"end":{"line":49,"column":68}},"25":{"start":{"line":54,"column":2},"end":{"line":69,"column":3}}},"fnMap":{"0":{"name":"(anonymous_0)","decl":{"start":{"line":6,"column":20},"end":{"line":6,"column":21}},"loc":{"start":{"line":6,"column":31},"end":{"line":70,"column":1}},"line":6},"1":{"name":"(anonymous_1)","decl":{"start":{"line":10,"column":21},"end":{"line":10,"column":22}},"loc":{"start":{"line":10,"column":26},"end":{"line":14,"column":3}},"line":10},"2":{"name":"(anonymous_2)","decl":{"start":{"line":17,"column":4},"end":{"line":17,"column":5}},"loc":{"start":{"line":17,"column":9},"end":{"line":22,"column":5}},"line":17},"3":{"name":"(anonymous_3)","decl":{"start":{"line":26,"column":26},"end":{"line":26,"column":27}},"loc":{"start":{"line":26,"column":33},"end":{"line":44,"column":3}},"line":26},"4":{"name":"(anonymous_4)","decl":{"start":{"line":40,"column":12},"end":{"line":40,"column":13}},"loc":{"start":{"line":40,"column":20},"end":{"line":42,"column":7}},"line":40},"5":{"name":"(anonymous_5)","decl":{"start":{"line":43,"column":13},"end":{"line":43,"column":14}},"loc":{"start":{"line":43,"column":20},"end":{"line":43,"column":38}},"line":43},"6":{"name":"(anonymous_6)","decl":{"start":{"line":47,"column":4},"end":{"line":47,"column":5}},"loc":{"start":{"line":47,"column":10},"end":{"line":50,"column":5}},"line":47},"7":{"name":"(anonymous_7)","decl":{"start":{"line":49,"column":13},"end":{"line":49,"column":14}},"loc":{"start":{"line":49,"column":19},"end":{"line":49,"column":68}},"line":49}},"branchMap":{"0":{"loc":{"start":{"line":11,"column":4},"end":{"line":13,"column":5}},"type":"if","locations":[{"start":{"line":11,"column":4},"end":{"line":13,"column":5}},{"start":{"line":11,"column":4},"end":{"line":13,"column":5}}],"line":11},"1":{"loc":{"start":{"line":18,"column":6},"end":{"line":21,"column":7}},"type":"if","locations":[{"start":{"line":18,"column":6},"end":{"line":21,"column":7}},{"start":{"line":18,"column":6},"end":{"line":21,"column":7}}],"line":18},"2":{"loc":{"start":{"line":18,"column":10},"end":{"line":18,"column":41}},"type":"binary-expr","locations":[{"start":{"line":18,"column":10},"end":{"line":18,"column":28}},{"start":{"line":18,"column":32},"end":{"line":18,"column":41}}],"line":18},"3":{"loc":{"start":{"line":56,"column":7},"end":{"line":67,"column":14}},"type":"cond-expr","locations":[{"start":{"line":57,"column":8},"end":{"line":65,"column":14}},{"start":{"line":67,"column":10},"end":{"line":67,"column":14}}],"line":56}},"s":{"0":1,"1":0,"2":0,"3":0,"4":0,"5":0,"6":0,"7":0,"8":0,"9":0,"10":0,"11":0,"12":0,"13":0,"14":0,"15":0,"16":0,"17":0,"18":0,"19":0,"20":0,"21":0,"22":0,"23":0,"24":0,"25":0},"f":{"0":0,"1":0,"2":0,"3":0,"4":0,"5":0,"6":0,"7":0},"b":{"0":[0,0],"1":[0,0],"2":[0,0],"3":[0,0]},"_coverageSchema":"1a1c01bbd47fc00a2c39e90264f33305004495a9","hash":"2d704fbf34306c368da0365b921ddd93c6cddb6c"}
,"/Users/louisa/HR/HR2021/FEC/client/src/QAComponents/QAList.jsx": {"path":"/Users/louisa/HR/HR2021/FEC/client/src/QAComponents/QAList.jsx","statementMap":{"0":{"start":{"line":10,"column":15},"end":{"line":143,"column":1}},"1":{"start":{"line":11,"column":40},"end":{"line":11,"column":51}},"2":{"start":{"line":12,"column":36},"end":{"line":12,"column":73}},"3":{"start":{"line":13,"column":42},"end":{"line":13,"column":52}},"4":{"start":{"line":14,"column":40},"end":{"line":14,"column":54}},"5":{"start":{"line":15,"column":52},"end":{"line":15,"column":67}},"6":{"start":{"line":16,"column":20},"end":{"line":16,"column":41}},"7":{"start":{"line":30,"column":26},"end":{"line":48,"column":3}},"8":{"start":{"line":33,"column":4},"end":{"line":47,"column":8}},"9":{"start":{"line":35,"column":8},"end":{"line":35,"column":63}},"10":{"start":{"line":36,"column":8},"end":{"line":43,"column":9}},"11":{"start":{"line":37,"column":10},"end":{"line":39,"column":12}},"12":{"start":{"line":38,"column":12},"end":{"line":38,"column":43}},"13":{"start":{"line":40,"column":10},"end":{"line":42,"column":12}},"14":{"start":{"line":41,"column":12},"end":{"line":41,"column":43}},"15":{"start":{"line":46,"column":8},"end":{"line":46,"column":69}},"16":{"start":{"line":50,"column":29},"end":{"line":55,"column":3}},"17":{"start":{"line":51,"column":4},"end":{"line":51,"column":53}},"18":{"start":{"line":52,"column":4},"end":{"line":54,"column":6}},"19":{"start":{"line":53,"column":6},"end":{"line":53,"column":32}},"20":{"start":{"line":70,"column":22},"end":{"line":74,"column":3}},"21":{"start":{"line":71,"column":4},"end":{"line":71,"column":22}},"22":{"start":{"line":72,"column":4},"end":{"line":72,"column":32}},"23":{"start":{"line":73,"column":4},"end":{"line":73,"column":30}},"24":{"start":{"line":76,"column":20},"end":{"line":78,"column":3}},"25":{"start":{"line":77,"column":4},"end":{"line":77,"column":32}},"26":{"start":{"line":80,"column":21},"end":{"line":90,"column":3}},"27":{"start":{"line":82,"column":4},"end":{"line":89,"column":8}},"28":{"start":{"line":85,"column":8},"end":{"line":85,"column":41}},"29":{"start":{"line":88,"column":8},"end":{"line":88,"column":69}},"30":{"start":{"line":100,"column":2},"end":{"line":116,"column":8}},"31":{"start":{"line":101,"column":4},"end":{"line":114,"column":6}},"32":{"start":{"line":102,"column":6},"end":{"line":113,"column":7}},"33":{"start":{"line":103,"column":8},"end":{"line":103,"column":26}},"34":{"start":{"line":105,"column":8},"end":{"line":108,"column":10}},"35":{"start":{"line":106,"column":10},"end":{"line":106,"column":40}},"36":{"start":{"line":109,"column":8},"end":{"line":112,"column":10}},"37":{"start":{"line":110,"column":10},"end":{"line":110,"column":28}},"38":{"start":{"line":115,"column":4},"end":{"line":115,"column":39}},"39":{"start":{"line":118,"column":2},"end":{"line":142,"column":3}},"40":{"start":{"line":129,"column":8},"end":{"line":136,"column":9}}},"fnMap":{"0":{"name":"(anonymous_0)","decl":{"start":{"line":10,"column":15},"end":{"line":10,"column":16}},"loc":{"start":{"line":10,"column":21},"end":{"line":143,"column":1}},"line":10},"1":{"name":"(anonymous_1)","decl":{"start":{"line":30,"column":26},"end":{"line":30,"column":27}},"loc":{"start":{"line":30,"column":32},"end":{"line":48,"column":3}},"line":30},"2":{"name":"(anonymous_2)","decl":{"start":{"line":34,"column":12},"end":{"line":34,"column":13}},"loc":{"start":{"line":34,"column":22},"end":{"line":44,"column":7}},"line":34},"3":{"name":"(anonymous_3)","decl":{"start":{"line":37,"column":23},"end":{"line":37,"column":24}},"loc":{"start":{"line":37,"column":33},"end":{"line":39,"column":11}},"line":37},"4":{"name":"(anonymous_4)","decl":{"start":{"line":40,"column":26},"end":{"line":40,"column":27}},"loc":{"start":{"line":40,"column":36},"end":{"line":42,"column":11}},"line":40},"5":{"name":"(anonymous_5)","decl":{"start":{"line":45,"column":13},"end":{"line":45,"column":14}},"loc":{"start":{"line":45,"column":22},"end":{"line":47,"column":7}},"line":45},"6":{"name":"(anonymous_6)","decl":{"start":{"line":50,"column":29},"end":{"line":50,"column":30}},"loc":{"start":{"line":50,"column":35},"end":{"line":55,"column":3}},"line":50},"7":{"name":"(anonymous_7)","decl":{"start":{"line":52,"column":17},"end":{"line":52,"column":18}},"loc":{"start":{"line":52,"column":27},"end":{"line":54,"column":5}},"line":52},"8":{"name":"(anonymous_8)","decl":{"start":{"line":70,"column":22},"end":{"line":70,"column":23}},"loc":{"start":{"line":70,"column":29},"end":{"line":74,"column":3}},"line":70},"9":{"name":"(anonymous_9)","decl":{"start":{"line":76,"column":20},"end":{"line":76,"column":21}},"loc":{"start":{"line":76,"column":26},"end":{"line":78,"column":3}},"line":76},"10":{"name":"(anonymous_10)","decl":{"start":{"line":80,"column":21},"end":{"line":80,"column":22}},"loc":{"start":{"line":80,"column":35},"end":{"line":90,"column":3}},"line":80},"11":{"name":"(anonymous_11)","decl":{"start":{"line":83,"column":12},"end":{"line":83,"column":13}},"loc":{"start":{"line":83,"column":22},"end":{"line":86,"column":7}},"line":83},"12":{"name":"(anonymous_12)","decl":{"start":{"line":87,"column":13},"end":{"line":87,"column":14}},"loc":{"start":{"line":87,"column":22},"end":{"line":89,"column":7}},"line":87},"13":{"name":"(anonymous_13)","decl":{"start":{"line":100,"column":12},"end":{"line":100,"column":13}},"loc":{"start":{"line":100,"column":18},"end":{"line":116,"column":3}},"line":100},"14":{"name":"(anonymous_14)","decl":{"start":{"line":101,"column":15},"end":{"line":101,"column":16}},"loc":{"start":{"line":101,"column":30},"end":{"line":114,"column":5}},"line":101},"15":{"name":"(anonymous_15)","decl":{"start":{"line":105,"column":21},"end":{"line":105,"column":22}},"loc":{"start":{"line":105,"column":29},"end":{"line":108,"column":9}},"line":105},"16":{"name":"(anonymous_16)","decl":{"start":{"line":109,"column":24},"end":{"line":109,"column":25}},"loc":{"start":{"line":109,"column":32},"end":{"line":112,"column":9}},"line":109},"17":{"name":"(anonymous_17)","decl":{"start":{"line":127,"column":21},"end":{"line":127,"column":22}},"loc":{"start":{"line":127,"column":33},"end":{"line":137,"column":7}},"line":127}},"branchMap":{"0":{"loc":{"start":{"line":36,"column":8},"end":{"line":43,"column":9}},"type":"if","locations":[{"start":{"line":36,"column":8},"end":{"line":43,"column":9}},{"start":{"line":36,"column":8},"end":{"line":43,"column":9}}],"line":36},"1":{"loc":{"start":{"line":102,"column":6},"end":{"line":113,"column":7}},"type":"if","locations":[{"start":{"line":102,"column":6},"end":{"line":113,"column":7}},{"start":{"line":102,"column":6},"end":{"line":113,"column":7}}],"line":102}},"s":{"0":1,"1":0,"2":0,"3":0,"4":0,"5":0,"6":0,"7":0,"8":0,"9":0,"10":0,"11":0,"12":0,"13":0,"14":0,"15":0,"16":0,"17":0,"18":0,"19":0,"20":0,"21":0,"22":0,"23":0,"24":0,"25":0,"26":0,"27":0,"28":0,"29":0,"30":0,"31":0,"32":0,"33":0,"34":0,"35":0,"36":0,"37":0,"38":0,"39":0,"40":0},"f":{"0":0,"1":0,"2":0,"3":0,"4":0,"5":0,"6":0,"7":0,"8":0,"9":0,"10":0,"11":0,"12":0,"13":0,"14":0,"15":0,"16":0,"17":0},"b":{"0":[0,0],"1":[0,0]},"_coverageSchema":"1a1c01bbd47fc00a2c39e90264f33305004495a9","hash":"adee7144020e5e187399a5c376065b4df8aa4fa4"}
,"/Users/louisa/HR/HR2021/FEC/client/src/QAComponents/Question.jsx": {"path":"/Users/louisa/HR/HR2021/FEC/client/src/QAComponents/Question.jsx","statementMap":{"0":{"start":{"line":9,"column":17},"end":{"line":84,"column":1}},"1":{"start":{"line":10,"column":34},"end":{"line":10,"column":74}},"2":{"start":{"line":11,"column":32},"end":{"line":11,"column":42}},"3":{"start":{"line":12,"column":40},"end":{"line":12,"column":54}},"4":{"start":{"line":13,"column":36},"end":{"line":13,"column":51}},"5":{"start":{"line":14,"column":20},"end":{"line":14,"column":41}},"6":{"start":{"line":17,"column":21},"end":{"line":27,"column":3}},"7":{"start":{"line":19,"column":4},"end":{"line":26,"column":8}},"8":{"start":{"line":22,"column":8},"end":{"line":22,"column":41}},"9":{"start":{"line":25,"column":8},"end":{"line":25,"column":69}},"10":{"start":{"line":29,"column":20},"end":{"line":32,"column":3}},"11":{"start":{"line":30,"column":4},"end":{"line":30,"column":59}},"12":{"start":{"line":31,"column":4},"end":{"line":31,"column":15}},"13":{"start":{"line":35,"column":20},"end":{"line":37,"column":3}},"14":{"start":{"line":36,"column":4},"end":{"line":36,"column":31}},"15":{"start":{"line":36,"column":25},"end":{"line":36,"column":30}},"16":{"start":{"line":39,"column":29},"end":{"line":46,"column":3}},"17":{"start":{"line":40,"column":4},"end":{"line":40,"column":68}},"18":{"start":{"line":41,"column":4},"end":{"line":45,"column":43}},"19":{"start":{"line":44,"column":20},"end":{"line":44,"column":37}},"20":{"start":{"line":45,"column":22},"end":{"line":45,"column":40}},"21":{"start":{"line":48,"column":2},"end":{"line":60,"column":8}},"22":{"start":{"line":49,"column":4},"end":{"line":59,"column":6}},"23":{"start":{"line":50,"column":6},"end":{"line":58,"column":8}},"24":{"start":{"line":52,"column":8},"end":{"line":56,"column":9}},"25":{"start":{"line":53,"column":10},"end":{"line":53,"column":40}},"26":{"start":{"line":55,"column":10},"end":{"line":55,"column":28}},"27":{"start":{"line":67,"column":2},"end":{"line":83,"column":3}}},"fnMap":{"0":{"name":"(anonymous_0)","decl":{"start":{"line":9,"column":17},"end":{"line":9,"column":18}},"loc":{"start":{"line":9,"column":28},"end":{"line":84,"column":1}},"line":9},"1":{"name":"(anonymous_1)","decl":{"start":{"line":17,"column":21},"end":{"line":17,"column":22}},"loc":{"start":{"line":17,"column":35},"end":{"line":27,"column":3}},"line":17},"2":{"name":"(anonymous_2)","decl":{"start":{"line":20,"column":12},"end":{"line":20,"column":13}},"loc":{"start":{"line":20,"column":22},"end":{"line":23,"column":7}},"line":20},"3":{"name":"(anonymous_3)","decl":{"start":{"line":24,"column":13},"end":{"line":24,"column":14}},"loc":{"start":{"line":24,"column":22},"end":{"line":26,"column":7}},"line":24},"4":{"name":"(anonymous_4)","decl":{"start":{"line":29,"column":20},"end":{"line":29,"column":21}},"loc":{"start":{"line":29,"column":27},"end":{"line":32,"column":3}},"line":29},"5":{"name":"(anonymous_5)","decl":{"start":{"line":35,"column":20},"end":{"line":35,"column":21}},"loc":{"start":{"line":35,"column":26},"end":{"line":37,"column":3}},"line":35},"6":{"name":"(anonymous_6)","decl":{"start":{"line":36,"column":17},"end":{"line":36,"column":18}},"loc":{"start":{"line":36,"column":25},"end":{"line":36,"column":30}},"line":36},"7":{"name":"(anonymous_7)","decl":{"start":{"line":39,"column":29},"end":{"line":39,"column":30}},"loc":{"start":{"line":39,"column":36},"end":{"line":46,"column":3}},"line":39},"8":{"name":"(anonymous_8)","decl":{"start":{"line":44,"column":12},"end":{"line":44,"column":13}},"loc":{"start":{"line":44,"column":20},"end":{"line":44,"column":37}},"line":44},"9":{"name":"(anonymous_9)","decl":{"start":{"line":45,"column":13},"end":{"line":45,"column":14}},"loc":{"start":{"line":45,"column":20},"end":{"line":45,"column":42}},"line":45},"10":{"name":"(anonymous_10)","decl":{"start":{"line":48,"column":12},"end":{"line":48,"column":13}},"loc":{"start":{"line":48,"column":18},"end":{"line":60,"column":3}},"line":48},"11":{"name":"(anonymous_11)","decl":{"start":{"line":49,"column":15},"end":{"line":49,"column":16}},"loc":{"start":{"line":49,"column":30},"end":{"line":59,"column":5}},"line":49},"12":{"name":"(anonymous_12)","decl":{"start":{"line":50,"column":18},"end":{"line":50,"column":19}},"loc":{"start":{"line":50,"column":28},"end":{"line":58,"column":7}},"line":50}},"branchMap":{"0":{"loc":{"start":{"line":52,"column":8},"end":{"line":56,"column":9}},"type":"if","locations":[{"start":{"line":52,"column":8},"end":{"line":56,"column":9}},{"start":{"line":52,"column":8},"end":{"line":56,"column":9}}],"line":52},"1":{"loc":{"start":{"line":70,"column":142},"end":{"line":70,"column":173}},"type":"binary-expr","locations":[{"start":{"line":70,"column":142},"end":{"line":70,"column":168}},{"start":{"line":70,"column":172},"end":{"line":70,"column":173}}],"line":70}},"s":{"0":1,"1":0,"2":0,"3":0,"4":0,"5":0,"6":0,"7":0,"8":0,"9":0,"10":0,"11":0,"12":0,"13":0,"14":0,"15":0,"16":0,"17":0,"18":0,"19":0,"20":0,"21":0,"22":0,"23":0,"24":0,"25":0,"26":0,"27":0},"f":{"0":0,"1":0,"2":0,"3":0,"4":0,"5":0,"6":0,"7":0,"8":0,"9":0,"10":0,"11":0,"12":0},"b":{"0":[0,0],"1":[0,0]},"_coverageSchema":"1a1c01bbd47fc00a2c39e90264f33305004495a9","hash":"b21fee150386b71017ec80f643fb69bd3b7f2226"}
,"/Users/louisa/HR/HR2021/FEC/client/src/QAComponents/QuestionModal.jsx": {"path":"/Users/louisa/HR/HR2021/FEC/client/src/QAComponents/QuestionModal.jsx","statementMap":{"0":{"start":{"line":6,"column":22},"end":{"line":70,"column":1}},"1":{"start":{"line":7,"column":2},"end":{"line":7,"column":47}},"2":{"start":{"line":8,"column":19},"end":{"line":8,"column":27}},"3":{"start":{"line":9,"column":52},"end":{"line":9,"column":85}},"4":{"start":{"line":10,"column":21},"end":{"line":14,"column":3}},"5":{"start":{"line":11,"column":4},"end":{"line":13,"column":5}},"6":{"start":{"line":12,"column":6},"end":{"line":12,"column":33}},"7":{"start":{"line":16,"column":19},"end":{"line":24,"column":3}},"8":{"start":{"line":18,"column":6},"end":{"line":21,"column":7}},"9":{"start":{"line":19,"column":8},"end":{"line":19,"column":35}},"10":{"start":{"line":20,"column":8},"end":{"line":20,"column":41}},"11":{"start":{"line":26,"column":28},"end":{"line":44,"column":3}},"12":{"start":{"line":27,"column":4},"end":{"line":27,"column":22}},"13":{"start":{"line":29,"column":19},"end":{"line":29,"column":36}},"14":{"start":{"line":30,"column":21},"end":{"line":30,"column":38}},"15":{"start":{"line":31,"column":18},"end":{"line":31,"column":35}},"16":{"start":{"line":32,"column":15},"end":{"line":32,"column":37}},"17":{"start":{"line":33,"column":4},"end":{"line":33,"column":84}},"18":{"start":{"line":46,"column":2},"end":{"line":52,"column":3}},"19":{"start":{"line":48,"column":6},"end":{"line":48,"column":52}},"20":{"start":{"line":49,"column":6},"end":{"line":49,"column":68}},"21":{"start":{"line":49,"column":19},"end":{"line":49,"column":68}},"22":{"start":{"line":54,"column":2},"end":{"line":69,"column":3}}},"fnMap":{"0":{"name":"(anonymous_0)","decl":{"start":{"line":6,"column":22},"end":{"line":6,"column":23}},"loc":{"start":{"line":6,"column":33},"end":{"line":70,"column":1}},"line":6},"1":{"name":"(anonymous_1)","decl":{"start":{"line":10,"column":21},"end":{"line":10,"column":22}},"loc":{"start":{"line":10,"column":26},"end":{"line":14,"column":3}},"line":10},"2":{"name":"(anonymous_2)","decl":{"start":{"line":17,"column":4},"end":{"line":17,"column":5}},"loc":{"start":{"line":17,"column":9},"end":{"line":22,"column":5}},"line":17},"3":{"name":"(anonymous_3)","decl":{"start":{"line":26,"column":28},"end":{"line":26,"column":29}},"loc":{"start":{"line":26,"column":35},"end":{"line":44,"column":3}},"line":26},"4":{"name":"(anonymous_4)","decl":{"start":{"line":47,"column":4},"end":{"line":47,"column":5}},"loc":{"start":{"line":47,"column":10},"end":{"line":50,"column":5}},"line":47},"5":{"name":"(anonymous_5)","decl":{"start":{"line":49,"column":13},"end":{"line":49,"column":14}},"loc":{"start":{"line":49,"column":19},"end":{"line":49,"column":68}},"line":49}},"branchMap":{"0":{"loc":{"start":{"line":11,"column":4},"end":{"line":13,"column":5}},"type":"if","locations":[{"start":{"line":11,"column":4},"end":{"line":13,"column":5}},{"start":{"line":11,"column":4},"end":{"line":13,"column":5}}],"line":11},"1":{"loc":{"start":{"line":18,"column":6},"end":{"line":21,"column":7}},"type":"if","locations":[{"start":{"line":18,"column":6},"end":{"line":21,"column":7}},{"start":{"line":18,"column":6},"end":{"line":21,"column":7}}],"line":18},"2":{"loc":{"start":{"line":18,"column":10},"end":{"line":18,"column":49}},"type":"binary-expr","locations":[{"start":{"line":18,"column":10},"end":{"line":18,"column":28}},{"start":{"line":18,"column":32},"end":{"line":18,"column":49}}],"line":18},"3":{"loc":{"start":{"line":56,"column":7},"end":{"line":67,"column":14}},"type":"cond-expr","locations":[{"start":{"line":57,"column":8},"end":{"line":65,"column":14}},{"start":{"line":67,"column":10},"end":{"line":67,"column":14}}],"line":56}},"s":{"0":1,"1":0,"2":0,"3":0,"4":0,"5":0,"6":0,"7":0,"8":0,"9":0,"10":0,"11":0,"12":0,"13":0,"14":0,"15":0,"16":0,"17":0,"18":0,"19":0,"20":0,"21":0,"22":0},"f":{"0":0,"1":0,"2":0,"3":0,"4":0,"5":0},"b":{"0":[0,0],"1":[0,0],"2":[0,0],"3":[0,0]},"_coverageSchema":"1a1c01bbd47fc00a2c39e90264f33305004495a9","hash":"11df97fe55c30fd920b8ca5c5932a86cb362b659"}
,"/Users/louisa/HR/HR2021/FEC/client/src/components/App.jsx": {"path":"/Users/louisa/HR/HR2021/FEC/client/src/components/App.jsx","statementMap":{"0":{"start":{"line":9,"column":12},"end":{"line":35,"column":1}},"1":{"start":{"line":10,"column":2},"end":{"line":34,"column":3}}},"fnMap":{"0":{"name":"(anonymous_0)","decl":{"start":{"line":9,"column":12},"end":{"line":9,"column":13}},"loc":{"start":{"line":9,"column":23},"end":{"line":35,"column":1}},"line":9}},"branchMap":{},"s":{"0":1,"1":1},"f":{"0":1},"b":{},"_coverageSchema":"1a1c01bbd47fc00a2c39e90264f33305004495a9","hash":"7feef497d28b7bbe82940a5fbc93a9bb561b92b9"}
,"/Users/louisa/HR/HR2021/FEC/client/src/components/FourOhFour.jsx": {"path":"/Users/louisa/HR/HR2021/FEC/client/src/components/FourOhFour.jsx","statementMap":{"0":{"start":{"line":4,"column":28},"end":{"line":14,"column":1}},"1":{"start":{"line":5,"column":19},"end":{"line":5,"column":32}},"2":{"start":{"line":7,"column":2},"end":{"line":13,"column":3}}},"fnMap":{"0":{"name":"(anonymous_0)","decl":{"start":{"line":4,"column":28},"end":{"line":4,"column":29}},"loc":{"start":{"line":4,"column":39},"end":{"line":14,"column":1}},"line":4}},"branchMap":{"0":{"loc":{"start":{"line":11,"column":7},"end":{"line":11,"column":90}},"type":"cond-expr","locations":[{"start":{"line":11,"column":33},"end":{"line":11,"column":75}},{"start":{"line":11,"column":78},"end":{"line":11,"column":90}}],"line":11}},"s":{"0":2,"1":2,"2":2},"f":{"0":2},"b":{"0":[2,0]},"_coverageSchema":"1a1c01bbd47fc00a2c39e90264f33305004495a9","hash":"bbd8f9082074ae255cf64a735d637c224eb0a492"}
,"/Users/louisa/HR/HR2021/FEC/client/src/components/MainImageGallery.jsx": {"path":"/Users/louisa/HR/HR2021/FEC/client/src/components/MainImageGallery.jsx","statementMap":{"0":{"start":{"line":4,"column":34},"end":{"line":97,"column":1}},"1":{"start":{"line":5,"column":44},"end":{"line":5,"column":59}},"2":{"start":{"line":6,"column":44},"end":{"line":6,"column":54}},"3":{"start":{"line":7,"column":38},"end":{"line":7,"column":50}},"4":{"start":{"line":8,"column":34},"end":{"line":8,"column":45}},"5":{"start":{"line":10,"column":2},"end":{"line":15,"column":13}},"6":{"start":{"line":11,"column":4},"end":{"line":14,"column":5}},"7":{"start":{"line":12,"column":6},"end":{"line":12,"column":43}},"8":{"start":{"line":13,"column":6},"end":{"line":13,"column":57}},"9":{"start":{"line":17,"column":2},"end":{"line":23,"column":21}},"10":{"start":{"line":18,"column":4},"end":{"line":22,"column":5}},"11":{"start":{"line":19,"column":6},"end":{"line":21,"column":9}},"12":{"start":{"line":20,"column":8},"end":{"line":20,"column":130}},"13":{"start":{"line":25,"column":28},"end":{"line":28,"column":3}},"14":{"start":{"line":26,"column":4},"end":{"line":26,"column":22}},"15":{"start":{"line":27,"column":4},"end":{"line":27,"column":83}},"16":{"start":{"line":30,"column":32},"end":{"line":34,"column":3}},"17":{"start":{"line":31,"column":4},"end":{"line":33,"column":6}},"18":{"start":{"line":32,"column":6},"end":{"line":32,"column":26}},"19":{"start":{"line":36,"column":34},"end":{"line":40,"column":3}},"20":{"start":{"line":37,"column":4},"end":{"line":39,"column":6}},"21":{"start":{"line":38,"column":6},"end":{"line":38,"column":26}},"22":{"start":{"line":42,"column":25},"end":{"line":48,"column":3}},"23":{"start":{"line":50,"column":19},"end":{"line":54,"column":3}},"24":{"start":{"line":56,"column":25},"end":{"line":62,"column":3}},"25":{"start":{"line":64,"column":21},"end":{"line":69,"column":3}},"26":{"start":{"line":71,"column":29},"end":{"line":77,"column":3}},"27":{"start":{"line":79,"column":2},"end":{"line":96,"column":3}}},"fnMap":{"0":{"name":"(anonymous_0)","decl":{"start":{"line":4,"column":34},"end":{"line":4,"column":35}},"loc":{"start":{"line":4,"column":45},"end":{"line":97,"column":1}},"line":4},"1":{"name":"(anonymous_1)","decl":{"start":{"line":10,"column":12},"end":{"line":10,"column":13}},"loc":{"start":{"line":10,"column":18},"end":{"line":15,"column":3}},"line":10},"2":{"name":"(anonymous_2)","decl":{"start":{"line":17,"column":12},"end":{"line":17,"column":13}},"loc":{"start":{"line":17,"column":18},"end":{"line":23,"column":3}},"line":17},"3":{"name":"(anonymous_3)","decl":{"start":{"line":19,"column":45},"end":{"line":19,"column":46}},"loc":{"start":{"line":19,"column":63},"end":{"line":21,"column":7}},"line":19},"4":{"name":"(anonymous_4)","decl":{"start":{"line":25,"column":28},"end":{"line":25,"column":29}},"loc":{"start":{"line":25,"column":35},"end":{"line":28,"column":3}},"line":25},"5":{"name":"(anonymous_5)","decl":{"start":{"line":30,"column":32},"end":{"line":30,"column":33}},"loc":{"start":{"line":30,"column":38},"end":{"line":34,"column":3}},"line":30},"6":{"name":"(anonymous_6)","decl":{"start":{"line":31,"column":16},"end":{"line":31,"column":17}},"loc":{"start":{"line":31,"column":29},"end":{"line":33,"column":5}},"line":31},"7":{"name":"(anonymous_7)","decl":{"start":{"line":36,"column":34},"end":{"line":36,"column":35}},"loc":{"start":{"line":36,"column":40},"end":{"line":40,"column":3}},"line":36},"8":{"name":"(anonymous_8)","decl":{"start":{"line":37,"column":16},"end":{"line":37,"column":17}},"loc":{"start":{"line":37,"column":29},"end":{"line":39,"column":5}},"line":37}},"branchMap":{"0":{"loc":{"start":{"line":11,"column":4},"end":{"line":14,"column":5}},"type":"if","locations":[{"start":{"line":11,"column":4},"end":{"line":14,"column":5}},{"start":{"line":11,"column":4},"end":{"line":14,"column":5}}],"line":11},"1":{"loc":{"start":{"line":18,"column":4},"end":{"line":22,"column":5}},"type":"if","locations":[{"start":{"line":18,"column":4},"end":{"line":22,"column":5}},{"start":{"line":18,"column":4},"end":{"line":22,"column":5}}],"line":18},"2":{"loc":{"start":{"line":83,"column":11},"end":{"line":83,"column":133}},"type":"cond-expr","locations":[{"start":{"line":83,"column":28},"end":{"line":83,"column":96}},{"start":{"line":83,"column":99},"end":{"line":83,"column":133}}],"line":83},"3":{"loc":{"start":{"line":89,"column":11},"end":{"line":89,"column":161}},"type":"cond-expr","locations":[{"start":{"line":89,"column":48},"end":{"line":89,"column":122}},{"start":{"line":89,"column":125},"end":{"line":89,"column":161}}],"line":89}},"s":{"0":3,"1":18,"2":18,"3":18,"4":18,"5":18,"6":11,"7":3,"8":3,"9":18,"10":8,"11":3,"12":18,"13":18,"14":1,"15":1,"16":18,"17":0,"18":0,"19":18,"20":0,"21":0,"22":18,"23":18,"24":18,"25":18,"26":18,"27":18},"f":{"0":18,"1":11,"2":8,"3":18,"4":1,"5":0,"6":0,"7":0,"8":0},"b":{"0":[3,8],"1":[3,5],"2":[0,18],"3":[4,14]},"_coverageSchema":"1a1c01bbd47fc00a2c39e90264f33305004495a9","hash":"f8df75d36797c9eea929290dab389aed691af4ca"}
,"/Users/louisa/HR/HR2021/FEC/client/src/components/ProductCheckout.jsx": {"path":"/Users/louisa/HR/HR2021/FEC/client/src/components/ProductCheckout.jsx","statementMap":{"0":{"start":{"line":3,"column":33},"end":{"line":19,"column":1}},"1":{"start":{"line":4,"column":2},"end":{"line":18,"column":3}}},"fnMap":{"0":{"name":"(anonymous_0)","decl":{"start":{"line":3,"column":33},"end":{"line":3,"column":34}},"loc":{"start":{"line":3,"column":44},"end":{"line":19,"column":1}},"line":3}},"branchMap":{},"s":{"0":4,"1":15},"f":{"0":15},"b":{},"_coverageSchema":"1a1c01bbd47fc00a2c39e90264f33305004495a9","hash":"d66f50ae6badc161644a3201d5d39c9282b26bf4"}
,"/Users/louisa/HR/HR2021/FEC/client/src/components/ProductDescription.jsx": {"path":"/Users/louisa/HR/HR2021/FEC/client/src/components/ProductDescription.jsx","statementMap":{"0":{"start":{"line":6,"column":36},"end":{"line":22,"column":1}},"1":{"start":{"line":7,"column":17},"end":{"line":11,"column":3}},"2":{"start":{"line":12,"column":2},"end":{"line":21,"column":3}}},"fnMap":{"0":{"name":"(anonymous_0)","decl":{"start":{"line":6,"column":36},"end":{"line":6,"column":37}},"loc":{"start":{"line":6,"column":47},"end":{"line":22,"column":1}},"line":6}},"branchMap":{},"s":{"0":3,"1":13,"2":13},"f":{"0":13},"b":{},"_coverageSchema":"1a1c01bbd47fc00a2c39e90264f33305004495a9","hash":"1daa77a8e6bfa7b8129f1fddcc760babc00b7cc0"}
,"/Users/louisa/HR/HR2021/FEC/client/src/components/ProductDetailFooter.jsx": {"path":"/Users/louisa/HR/HR2021/FEC/client/src/components/ProductDetailFooter.jsx","statementMap":{"0":{"start":{"line":3,"column":37},"end":{"line":25,"column":1}},"1":{"start":{"line":4,"column":23},"end":{"line":7,"column":3}},"2":{"start":{"line":9,"column":28},"end":{"line":14,"column":3}},"3":{"start":{"line":15,"column":2},"end":{"line":24,"column":3}},"4":{"start":{"line":20,"column":10},"end":{"line":20,"column":69}}},"fnMap":{"0":{"name":"(anonymous_0)","decl":{"start":{"line":3,"column":37},"end":{"line":3,"column":38}},"loc":{"start":{"line":3,"column":48},"end":{"line":25,"column":1}},"line":3},"1":{"name":"(anonymous_1)","decl":{"start":{"line":19,"column":43},"end":{"line":19,"column":44}},"loc":{"start":{"line":19,"column":61},"end":{"line":21,"column":9}},"line":19}},"branchMap":{},"s":{"0":3,"1":7,"2":7,"3":7,"4":14},"f":{"0":7,"1":14},"b":{},"_coverageSchema":"1a1c01bbd47fc00a2c39e90264f33305004495a9","hash":"6b8d510a063c491883313921724fef7a4fa1581e"}
,"/Users/louisa/HR/HR2021/FEC/client/src/components/ProductDetailPage.jsx": {"path":"/Users/louisa/HR/HR2021/FEC/client/src/components/ProductDetailPage.jsx","statementMap":{"0":{"start":{"line":9,"column":35},"end":{"line":66,"column":1}},"1":{"start":{"line":10,"column":24},"end":{"line":10,"column":35}},"2":{"start":{"line":11,"column":46},"end":{"line":11,"column":61}},"3":{"start":{"line":12,"column":30},"end":{"line":12,"column":42}},"4":{"start":{"line":13,"column":44},"end":{"line":13,"column":59}},"5":{"start":{"line":14,"column":34},"end":{"line":14,"column":49}},"6":{"start":{"line":16,"column":28},"end":{"line":25,"column":3}},"7":{"start":{"line":17,"column":4},"end":{"line":24,"column":8}},"8":{"start":{"line":19,"column":8},"end":{"line":19,"column":36}},"9":{"start":{"line":20,"column":8},"end":{"line":20,"column":19}},"10":{"start":{"line":23,"column":8},"end":{"line":23,"column":24}},"11":{"start":{"line":27,"column":20},"end":{"line":36,"column":3}},"12":{"start":{"line":28,"column":4},"end":{"line":35,"column":8}},"13":{"start":{"line":30,"column":8},"end":{"line":30,"column":35}},"14":{"start":{"line":31,"column":8},"end":{"line":31,"column":45}},"15":{"start":{"line":34,"column":8},"end":{"line":34,"column":24}},"16":{"start":{"line":38,"column":30},"end":{"line":40,"column":3}},"17":{"start":{"line":39,"column":4},"end":{"line":39,"column":35}},"18":{"start":{"line":42,"column":2},"end":{"line":44,"column":8}},"19":{"start":{"line":43,"column":4},"end":{"line":43,"column":23}},"20":{"start":{"line":46,"column":30},"end":{"line":48,"column":3}},"21":{"start":{"line":50,"column":2},"end":{"line":65,"column":3}}},"fnMap":{"0":{"name":"(anonymous_0)","decl":{"start":{"line":9,"column":35},"end":{"line":9,"column":36}},"loc":{"start":{"line":9,"column":46},"end":{"line":66,"column":1}},"line":9},"1":{"name":"(anonymous_1)","decl":{"start":{"line":16,"column":28},"end":{"line":16,"column":29}},"loc":{"start":{"line":16,"column":34},"end":{"line":25,"column":3}},"line":16},"2":{"name":"(anonymous_2)","decl":{"start":{"line":18,"column":12},"end":{"line":18,"column":13}},"loc":{"start":{"line":18,"column":22},"end":{"line":21,"column":7}},"line":18},"3":{"name":"(anonymous_3)","decl":{"start":{"line":22,"column":13},"end":{"line":22,"column":14}},"loc":{"start":{"line":22,"column":22},"end":{"line":24,"column":7}},"line":22},"4":{"name":"(anonymous_4)","decl":{"start":{"line":27,"column":20},"end":{"line":27,"column":21}},"loc":{"start":{"line":27,"column":26},"end":{"line":36,"column":3}},"line":27},"5":{"name":"(anonymous_5)","decl":{"start":{"line":29,"column":12},"end":{"line":29,"column":13}},"loc":{"start":{"line":29,"column":19},"end":{"line":32,"column":7}},"line":29},"6":{"name":"(anonymous_6)","decl":{"start":{"line":33,"column":13},"end":{"line":33,"column":14}},"loc":{"start":{"line":33,"column":20},"end":{"line":35,"column":7}},"line":33},"7":{"name":"(anonymous_7)","decl":{"start":{"line":38,"column":30},"end":{"line":38,"column":31}},"loc":{"start":{"line":38,"column":41},"end":{"line":40,"column":3}},"line":38},"8":{"name":"(anonymous_8)","decl":{"start":{"line":42,"column":12},"end":{"line":42,"column":13}},"loc":{"start":{"line":42,"column":18},"end":{"line":44,"column":3}},"line":42}},"branchMap":{"0":{"loc":{"start":{"line":52,"column":7},"end":{"line":58,"column":14}},"type":"cond-expr","locations":[{"start":{"line":53,"column":10},"end":{"line":57,"column":12}},{"start":{"line":58,"column":10},"end":{"line":58,"column":14}}],"line":52},"1":{"loc":{"start":{"line":63,"column":7},"end":{"line":63,"column":89}},"type":"cond-expr","locations":[{"start":{"line":63,"column":24},"end":{"line":63,"column":79}},{"start":{"line":63,"column":82},"end":{"line":63,"column":89}}],"line":63}},"s":{"0":2,"1":9,"2":9,"3":9,"4":9,"5":9,"6":9,"7":3,"8":2,"9":2,"10":1,"11":9,"12":2,"13":1,"14":1,"15":1,"16":9,"17":0,"18":9,"19":3,"20":9,"21":9},"f":{"0":9,"1":3,"2":2,"3":1,"4":2,"5":1,"6":1,"7":0,"8":3},"b":{"0":[2,7],"1":[5,4]},"_coverageSchema":"1a1c01bbd47fc00a2c39e90264f33305004495a9","hash":"b02ad3e152e1f77324eacd5919aefca69ee62978"}
,"/Users/louisa/HR/HR2021/FEC/client/src/components/ProductStars.jsx": {"path":"/Users/louisa/HR/HR2021/FEC/client/src/components/ProductStars.jsx","statementMap":{"0":{"start":{"line":3,"column":30},"end":{"line":46,"column":1}},"1":{"start":{"line":4,"column":21},"end":{"line":4,"column":22}},"2":{"start":{"line":5,"column":24},"end":{"line":5,"column":76}},"3":{"start":{"line":6,"column":26},"end":{"line":6,"column":60}},"4":{"start":{"line":8,"column":22},"end":{"line":14,"column":3}},"5":{"start":{"line":16,"column":22},"end":{"line":26,"column":3}},"6":{"start":{"line":28,"column":2},"end":{"line":45,"column":3}}},"fnMap":{"0":{"name":"(anonymous_0)","decl":{"start":{"line":3,"column":30},"end":{"line":3,"column":31}},"loc":{"start":{"line":3,"column":41},"end":{"line":46,"column":1}},"line":3}},"branchMap":{"0":{"loc":{"start":{"line":5,"column":37},"end":{"line":5,"column":54}},"type":"binary-expr","locations":[{"start":{"line":5,"column":37},"end":{"line":5,"column":49}},{"start":{"line":5,"column":53},"end":{"line":5,"column":54}}],"line":5}},"s":{"0":4,"1":15,"2":15,"3":15,"4":15,"5":15,"6":15},"f":{"0":15},"b":{"0":[15,14]},"_coverageSchema":"1a1c01bbd47fc00a2c39e90264f33305004495a9","hash":"8ebdfe58eaf4a98b308e1dbbdf2cd7d5522faa19"}
,"/Users/louisa/HR/HR2021/FEC/client/src/components/ProductStyleSelector.jsx": {"path":"/Users/louisa/HR/HR2021/FEC/client/src/components/ProductStyleSelector.jsx","statementMap":{"0":{"start":{"line":4,"column":30},"end":{"line":24,"column":1}},"1":{"start":{"line":5,"column":30},"end":{"line":8,"column":3}},"2":{"start":{"line":6,"column":18},"end":{"line":6,"column":53}},"3":{"start":{"line":7,"column":4},"end":{"line":7,"column":36}},"4":{"start":{"line":10,"column":23},"end":{"line":10,"column":25}},"5":{"start":{"line":12,"column":2},"end":{"line":16,"column":3}},"6":{"start":{"line":13,"column":4},"end":{"line":15,"column":6}},"7":{"start":{"line":14,"column":6},"end":{"line":14,"column":109}},"8":{"start":{"line":18,"column":2},"end":{"line":23,"column":3}}},"fnMap":{"0":{"name":"(anonymous_0)","decl":{"start":{"line":4,"column":30},"end":{"line":4,"column":31}},"loc":{"start":{"line":4,"column":41},"end":{"line":24,"column":1}},"line":4},"1":{"name":"(anonymous_1)","decl":{"start":{"line":5,"column":30},"end":{"line":5,"column":31}},"loc":{"start":{"line":5,"column":37},"end":{"line":8,"column":3}},"line":5},"2":{"name":"(anonymous_2)","decl":{"start":{"line":13,"column":38},"end":{"line":13,"column":39}},"loc":{"start":{"line":14,"column":6},"end":{"line":14,"column":109}},"line":14}},"branchMap":{"0":{"loc":{"start":{"line":12,"column":2},"end":{"line":16,"column":3}},"type":"if","locations":[{"start":{"line":12,"column":2},"end":{"line":16,"column":3}},{"start":{"line":12,"column":2},"end":{"line":16,"column":3}}],"line":12}},"s":{"0":4,"1":16,"2":1,"3":1,"4":16,"5":16,"6":5,"7":30,"8":16},"f":{"0":16,"1":1,"2":30},"b":{"0":[5,11]},"_coverageSchema":"1a1c01bbd47fc00a2c39e90264f33305004495a9","hash":"3a22ee9b3eddf77d1bf03d117ec2b4b94d74b7fc"}
,"/Users/louisa/HR/HR2021/FEC/client/src/components/StyleSelectorItem.jsx": {"path":"/Users/louisa/HR/HR2021/FEC/client/src/components/StyleSelectorItem.jsx","statementMap":{"0":{"start":{"line":3,"column":36},"end":{"line":13,"column":1}},"1":{"start":{"line":4,"column":17},"end":{"line":9,"column":3}},"2":{"start":{"line":10,"column":2},"end":{"line":12,"column":3}}},"fnMap":{"0":{"name":"(anonymous_0)","decl":{"start":{"line":3,"column":36},"end":{"line":3,"column":37}},"loc":{"start":{"line":3,"column":47},"end":{"line":13,"column":1}},"line":3}},"branchMap":{},"s":{"0":5,"1":33,"2":33},"f":{"0":33},"b":{},"_coverageSchema":"1a1c01bbd47fc00a2c39e90264f33305004495a9","hash":"24f5fec28f61a21151acde95f0c68e1cecfeb1fb"}
,"/Users/louisa/HR/HR2021/FEC/client/src/components/Review Widget/ReviewList.jsx": {"path":"/Users/louisa/HR/HR2021/FEC/client/src/components/Review Widget/ReviewList.jsx","statementMap":{"0":{"start":{"line":6,"column":19},"end":{"line":34,"column":1}},"1":{"start":{"line":7,"column":32},"end":{"line":7,"column":44}},"2":{"start":{"line":9,"column":2},"end":{"line":11,"column":8}},"3":{"start":{"line":10,"column":4},"end":{"line":10,"column":16}},"4":{"start":{"line":13,"column":21},"end":{"line":26,"column":3}},"5":{"start":{"line":14,"column":4},"end":{"line":25,"column":8}},"6":{"start":{"line":21,"column":8},"end":{"line":21,"column":37}},"7":{"start":{"line":24,"column":8},"end":{"line":24,"column":28}},"8":{"start":{"line":28,"column":26},"end":{"line":28,"column":28}},"9":{"start":{"line":29,"column":2},"end":{"line":29,"column":104}},"10":{"start":{"line":29,"column":32},"end":{"line":29,"column":101}},"11":{"start":{"line":31,"column":2},"end":{"line":33,"column":3}}},"fnMap":{"0":{"name":"(anonymous_0)","decl":{"start":{"line":6,"column":19},"end":{"line":6,"column":20}},"loc":{"start":{"line":6,"column":30},"end":{"line":34,"column":1}},"line":6},"1":{"name":"(anonymous_1)","decl":{"start":{"line":9,"column":12},"end":{"line":9,"column":13}},"loc":{"start":{"line":9,"column":18},"end":{"line":11,"column":3}},"line":9},"2":{"name":"(anonymous_2)","decl":{"start":{"line":13,"column":21},"end":{"line":13,"column":22}},"loc":{"start":{"line":13,"column":27},"end":{"line":26,"column":3}},"line":13},"3":{"name":"(anonymous_3)","decl":{"start":{"line":20,"column":12},"end":{"line":20,"column":13}},"loc":{"start":{"line":20,"column":22},"end":{"line":22,"column":7}},"line":20},"4":{"name":"(anonymous_4)","decl":{"start":{"line":23,"column":13},"end":{"line":23,"column":14}},"loc":{"start":{"line":23,"column":24},"end":{"line":25,"column":7}},"line":23},"5":{"name":"(anonymous_5)","decl":{"start":{"line":29,"column":14},"end":{"line":29,"column":15}},"loc":{"start":{"line":29,"column":30},"end":{"line":29,"column":103}},"line":29}},"branchMap":{},"s":{"0":1,"1":0,"2":0,"3":0,"4":0,"5":0,"6":0,"7":0,"8":0,"9":0,"10":0,"11":0},"f":{"0":0,"1":0,"2":0,"3":0,"4":0,"5":0},"b":{},"_coverageSchema":"1a1c01bbd47fc00a2c39e90264f33305004495a9","hash":"a7fa047853295bdfff5f88a630af77e1d111fd2d"}
,"/Users/louisa/HR/HR2021/FEC/client/src/components/Review Widget/ReviewMetaData.jsx": {"path":"/Users/louisa/HR/HR2021/FEC/client/src/components/Review Widget/ReviewMetaData.jsx","statementMap":{"0":{"start":{"line":6,"column":23},"end":{"line":54,"column":1}},"1":{"start":{"line":7,"column":40},"end":{"line":10,"column":4}},"2":{"start":{"line":12,"column":2},"end":{"line":14,"column":8}},"3":{"start":{"line":13,"column":4},"end":{"line":13,"column":20}},"4":{"start":{"line":16,"column":25},"end":{"line":28,"column":3}},"5":{"start":{"line":17,"column":4},"end":{"line":27,"column":8}},"6":{"start":{"line":23,"column":8},"end":{"line":23,"column":35}},"7":{"start":{"line":26,"column":8},"end":{"line":26,"column":28}},"8":{"start":{"line":30,"column":27},"end":{"line":44,"column":3}},"9":{"start":{"line":31,"column":25},"end":{"line":31,"column":26}},"10":{"start":{"line":32,"column":22},"end":{"line":32,"column":23}},"11":{"start":{"line":34,"column":4},"end":{"line":37,"column":5}},"12":{"start":{"line":35,"column":6},"end":{"line":35,"column":83}},"13":{"start":{"line":36,"column":6},"end":{"line":36,"column":61}},"14":{"start":{"line":39,"column":4},"end":{"line":39,"column":73}},"15":{"start":{"line":40,"column":4},"end":{"line":43,"column":6}},"16":{"start":{"line":46,"column":2},"end":{"line":53,"column":3}}},"fnMap":{"0":{"name":"(anonymous_0)","decl":{"start":{"line":6,"column":23},"end":{"line":6,"column":24}},"loc":{"start":{"line":6,"column":34},"end":{"line":54,"column":1}},"line":6},"1":{"name":"(anonymous_1)","decl":{"start":{"line":12,"column":12},"end":{"line":12,"column":13}},"loc":{"start":{"line":12,"column":18},"end":{"line":14,"column":3}},"line":12},"2":{"name":"(anonymous_2)","decl":{"start":{"line":16,"column":25},"end":{"line":16,"column":26}},"loc":{"start":{"line":16,"column":31},"end":{"line":28,"column":3}},"line":16},"3":{"name":"(anonymous_3)","decl":{"start":{"line":22,"column":12},"end":{"line":22,"column":13}},"loc":{"start":{"line":22,"column":22},"end":{"line":24,"column":7}},"line":22},"4":{"name":"(anonymous_4)","decl":{"start":{"line":25,"column":13},"end":{"line":25,"column":14}},"loc":{"start":{"line":25,"column":24},"end":{"line":27,"column":7}},"line":25},"5":{"name":"(anonymous_5)","decl":{"start":{"line":30,"column":27},"end":{"line":30,"column":28}},"loc":{"start":{"line":30,"column":37},"end":{"line":44,"column":3}},"line":30}},"branchMap":{},"s":{"0":1,"1":0,"2":0,"3":0,"4":0,"5":0,"6":0,"7":0,"8":0,"9":0,"10":0,"11":0,"12":0,"13":0,"14":0,"15":0,"16":0},"f":{"0":0,"1":0,"2":0,"3":0,"4":0,"5":0},"b":{},"_coverageSchema":"1a1c01bbd47fc00a2c39e90264f33305004495a9","hash":"f4b4f9bb71f997ae82b6e398313d5b0a45ed2090"}
,"/Users/louisa/HR/HR2021/FEC/client/src/components/Review Widget/ReviewSection.jsx": {"path":"/Users/louisa/HR/HR2021/FEC/client/src/components/Review Widget/ReviewSection.jsx","statementMap":{"0":{"start":{"line":7,"column":22},"end":{"line":19,"column":1}},"1":{"start":{"line":8,"column":24},"end":{"line":8,"column":35}},"2":{"start":{"line":10,"column":2},"end":{"line":18,"column":3}}},"fnMap":{"0":{"name":"(anonymous_0)","decl":{"start":{"line":7,"column":22},"end":{"line":7,"column":23}},"loc":{"start":{"line":7,"column":28},"end":{"line":19,"column":1}},"line":7}},"branchMap":{},"s":{"0":1,"1":0,"2":0},"f":{"0":0},"b":{},"_coverageSchema":"1a1c01bbd47fc00a2c39e90264f33305004495a9","hash":"ee116d5e808c8252468ab19ddc4471237b963334"}
,"/Users/louisa/HR/HR2021/FEC/client/src/components/Review Widget/ReviewStars.jsx": {"path":"/Users/louisa/HR/HR2021/FEC/client/src/components/Review Widget/ReviewStars.jsx","statementMap":{"0":{"start":{"line":7,"column":20},"end":{"line":27,"column":1}},"1":{"start":{"line":8,"column":21},"end":{"line":8,"column":61}},"2":{"start":{"line":9,"column":23},"end":{"line":9,"column":25}},"3":{"start":{"line":10,"column":24},"end":{"line":10,"column":44}},"4":{"start":{"line":12,"column":2},"end":{"line":14,"column":3}},"5":{"start":{"line":12,"column":15},"end":{"line":12,"column":16}},"6":{"start":{"line":13,"column":4},"end":{"line":13,"column":42}},"7":{"start":{"line":16,"column":2},"end":{"line":22,"column":3}},"8":{"start":{"line":17,"column":4},"end":{"line":17,"column":48}},"9":{"start":{"line":18,"column":9},"end":{"line":22,"column":3}},"10":{"start":{"line":19,"column":4},"end":{"line":19,"column":45}},"11":{"start":{"line":20,"column":9},"end":{"line":22,"column":3}},"12":{"start":{"line":21,"column":4},"end":{"line":21,"column":53}},"13":{"start":{"line":24,"column":2},"end":{"line":26,"column":3}}},"fnMap":{"0":{"name":"(anonymous_0)","decl":{"start":{"line":7,"column":20},"end":{"line":7,"column":21}},"loc":{"start":{"line":7,"column":31},"end":{"line":27,"column":1}},"line":7}},"branchMap":{"0":{"loc":{"start":{"line":16,"column":2},"end":{"line":22,"column":3}},"type":"if","locations":[{"start":{"line":16,"column":2},"end":{"line":22,"column":3}},{"start":{"line":16,"column":2},"end":{"line":22,"column":3}}],"line":16},"1":{"loc":{"start":{"line":16,"column":6},"end":{"line":16,"column":47}},"type":"binary-expr","locations":[{"start":{"line":16,"column":6},"end":{"line":16,"column":23}},{"start":{"line":16,"column":27},"end":{"line":16,"column":47}}],"line":16},"2":{"loc":{"start":{"line":18,"column":9},"end":{"line":22,"column":3}},"type":"if","locations":[{"start":{"line":18,"column":9},"end":{"line":22,"column":3}},{"start":{"line":18,"column":9},"end":{"line":22,"column":3}}],"line":18},"3":{"loc":{"start":{"line":18,"column":13},"end":{"line":18,"column":56}},"type":"binary-expr","locations":[{"start":{"line":18,"column":13},"end":{"line":18,"column":32}},{"start":{"line":18,"column":36},"end":{"line":18,"column":56}}],"line":18},"4":{"loc":{"start":{"line":20,"column":9},"end":{"line":22,"column":3}},"type":"if","locations":[{"start":{"line":20,"column":9},"end":{"line":22,"column":3}},{"start":{"line":20,"column":9},"end":{"line":22,"column":3}}],"line":20},"5":{"loc":{"start":{"line":20,"column":13},"end":{"line":20,"column":56}},"type":"binary-expr","locations":[{"start":{"line":20,"column":13},"end":{"line":20,"column":32}},{"start":{"line":20,"column":36},"end":{"line":20,"column":56}}],"line":20}},"s":{"0":1,"1":0,"2":0,"3":0,"4":0,"5":0,"6":0,"7":0,"8":0,"9":0,"10":0,"11":0,"12":0,"13":0},"f":{"0":0},"b":{"0":[0,0],"1":[0,0],"2":[0,0],"3":[0,0],"4":[0,0],"5":[0,0]},"_coverageSchema":"1a1c01bbd47fc00a2c39e90264f33305004495a9","hash":"a6188d3075615c137fd0d5599a6a2f65f74f24a9"}
,"/Users/louisa/HR/HR2021/FEC/client/src/components/Review Widget/ReviewTile.jsx": {"path":"/Users/louisa/HR/HR2021/FEC/client/src/components/Review Widget/ReviewTile.jsx","statementMap":{"0":{"start":{"line":6,"column":19},"end":{"line":29,"column":1}},"1":{"start":{"line":7,"column":2},"end":{"line":28,"column":3}}},"fnMap":{"0":{"name":"(anonymous_0)","decl":{"start":{"line":6,"column":19},"end":{"line":6,"column":20}},"loc":{"start":{"line":6,"column":30},"end":{"line":29,"column":1}},"line":6}},"branchMap":{},"s":{"0":1,"1":0},"f":{"0":0},"b":{},"_coverageSchema":"1a1c01bbd47fc00a2c39e90264f33305004495a9","hash":"e8d6121fa1fa87d1dc2db9096056b7a85ca8fbbb"}
,"/Users/louisa/HR/HR2021/FEC/client/src/components/relatedProducts/AddCard.jsx": {"path":"/Users/louisa/HR/HR2021/FEC/client/src/components/relatedProducts/AddCard.jsx","statementMap":{"0":{"start":{"line":4,"column":2},"end":{"line":11,"column":3}}},"fnMap":{"0":{"name":"AddCard","decl":{"start":{"line":3,"column":24},"end":{"line":3,"column":31}},"loc":{"start":{"line":3,"column":39},"end":{"line":12,"column":1}},"line":3}},"branchMap":{},"s":{"0":10},"f":{"0":10},"b":{},"_coverageSchema":"1a1c01bbd47fc00a2c39e90264f33305004495a9","hash":"392a2de9ba2b3241edd54c3c417c0e5adad3d71e"}
,"/Users/louisa/HR/HR2021/FEC/client/src/components/relatedProducts/Carousel.jsx": {"path":"/Users/louisa/HR/HR2021/FEC/client/src/components/relatedProducts/Carousel.jsx","statementMap":{"0":{"start":{"line":11,"column":48},"end":{"line":11,"column":60}},"1":{"start":{"line":12,"column":42},"end":{"line":12,"column":53}},"2":{"start":{"line":14,"column":17},"end":{"line":14,"column":39}},"3":{"start":{"line":15,"column":24},"end":{"line":15,"column":35}},"4":{"start":{"line":17,"column":2},"end":{"line":19,"column":8}},"5":{"start":{"line":18,"column":4},"end":{"line":18,"column":24}},"6":{"start":{"line":21,"column":29},"end":{"line":28,"column":3}},"7":{"start":{"line":22,"column":4},"end":{"line":27,"column":5}},"8":{"start":{"line":23,"column":23},"end":{"line":23,"column":71}},"9":{"start":{"line":24,"column":6},"end":{"line":24,"column":30}},"10":{"start":{"line":26,"column":6},"end":{"line":26,"column":32}},"11":{"start":{"line":30,"column":19},"end":{"line":34,"column":3}},"12":{"start":{"line":31,"column":4},"end":{"line":33,"column":5}},"13":{"start":{"line":32,"column":6},"end":{"line":32,"column":55}},"14":{"start":{"line":32,"column":38},"end":{"line":32,"column":54}},"15":{"start":{"line":36,"column":19},"end":{"line":40,"column":3}},"16":{"start":{"line":37,"column":4},"end":{"line":39,"column":5}},"17":{"start":{"line":38,"column":6},"end":{"line":38,"column":55}},"18":{"start":{"line":38,"column":38},"end":{"line":38,"column":54}},"19":{"start":{"line":42,"column":2},"end":{"line":71,"column":3}},"20":{"start":{"line":51,"column":16},"end":{"line":51,"column":68}}},"fnMap":{"0":{"name":"Carousel","decl":{"start":{"line":10,"column":24},"end":{"line":10,"column":32}},"loc":{"start":{"line":10,"column":40},"end":{"line":72,"column":1}},"line":10},"1":{"name":"(anonymous_1)","decl":{"start":{"line":17,"column":12},"end":{"line":17,"column":13}},"loc":{"start":{"line":17,"column":18},"end":{"line":19,"column":3}},"line":17},"2":{"name":"(anonymous_2)","decl":{"start":{"line":21,"column":29},"end":{"line":21,"column":30}},"loc":{"start":{"line":21,"column":41},"end":{"line":28,"column":3}},"line":21},"3":{"name":"(anonymous_3)","decl":{"start":{"line":30,"column":19},"end":{"line":30,"column":20}},"loc":{"start":{"line":30,"column":25},"end":{"line":34,"column":3}},"line":30},"4":{"name":"(anonymous_4)","decl":{"start":{"line":32,"column":22},"end":{"line":32,"column":23}},"loc":{"start":{"line":32,"column":38},"end":{"line":32,"column":54}},"line":32},"5":{"name":"(anonymous_5)","decl":{"start":{"line":36,"column":19},"end":{"line":36,"column":20}},"loc":{"start":{"line":36,"column":25},"end":{"line":40,"column":3}},"line":36},"6":{"name":"(anonymous_6)","decl":{"start":{"line":38,"column":22},"end":{"line":38,"column":23}},"loc":{"start":{"line":38,"column":38},"end":{"line":38,"column":54}},"line":38},"7":{"name":"(anonymous_7)","decl":{"start":{"line":50,"column":34},"end":{"line":50,"column":35}},"loc":{"start":{"line":50,"column":54},"end":{"line":52,"column":15}},"line":50}},"branchMap":{"0":{"loc":{"start":{"line":31,"column":4},"end":{"line":33,"column":5}},"type":"if","locations":[{"start":{"line":31,"column":4},"end":{"line":33,"column":5}},{"start":{"line":31,"column":4},"end":{"line":33,"column":5}}],"line":31},"1":{"loc":{"start":{"line":31,"column":8},"end":{"line":31,"column":56}},"type":"binary-expr","locations":[{"start":{"line":31,"column":8},"end":{"line":31,"column":25}},{"start":{"line":31,"column":29},"end":{"line":31,"column":56}}],"line":31},"2":{"loc":{"start":{"line":37,"column":4},"end":{"line":39,"column":5}},"type":"if","locations":[{"start":{"line":37,"column":4},"end":{"line":39,"column":5}},{"start":{"line":37,"column":4},"end":{"line":39,"column":5}}],"line":37},"3":{"loc":{"start":{"line":37,"column":8},"end":{"line":37,"column":56}},"type":"binary-expr","locations":[{"start":{"line":37,"column":8},"end":{"line":37,"column":24}},{"start":{"line":37,"column":28},"end":{"line":37,"column":56}}],"line":37},"4":{"loc":{"start":{"line":46,"column":9},"end":{"line":46,"column":88}},"type":"binary-expr","locations":[{"start":{"line":46,"column":9},"end":{"line":46,"column":25}},{"start":{"line":46,"column":29},"end":{"line":46,"column":88}}],"line":46},"5":{"loc":{"start":{"line":56,"column":9},"end":{"line":56,"column":101}},"type":"binary-expr","locations":[{"start":{"line":56,"column":9},"end":{"line":56,"column":36}},{"start":{"line":56,"column":40},"end":{"line":56,"column":101}}],"line":56}},"s":{"0":8,"1":8,"2":8,"3":8,"4":8,"5":4,"6":8,"7":4,"8":4,"9":4,"10":0,"11":8,"12":0,"13":0,"14":0,"15":8,"16":0,"17":0,"18":0,"19":8,"20":16},"f":{"0":8,"1":4,"2":4,"3":0,"4":0,"5":0,"6":0,"7":16},"b":{"0":[0,0],"1":[0,0],"2":[0,0],"3":[0,0],"4":[8,0],"5":[8,4]},"_coverageSchema":"1a1c01bbd47fc00a2c39e90264f33305004495a9","hash":"8319f52b50aa0d41a16b1f3f10d535ab9ba21c2a"}
,"/Users/louisa/HR/HR2021/FEC/client/src/components/relatedProducts/Comparison.jsx": {"path":"/Users/louisa/HR/HR2021/FEC/client/src/components/relatedProducts/Comparison.jsx","statementMap":{"0":{"start":{"line":6,"column":2},"end":{"line":33,"column":3}}},"fnMap":{"0":{"name":"Comparison","decl":{"start":{"line":5,"column":24},"end":{"line":5,"column":34}},"loc":{"start":{"line":5,"column":42},"end":{"line":34,"column":1}},"line":5}},"branchMap":{},"s":{"0":1},"f":{"0":1},"b":{},"_coverageSchema":"1a1c01bbd47fc00a2c39e90264f33305004495a9","hash":"df0dd860817103c5ab2d6204cd9d7eaecbedf83b"}
,"/Users/louisa/HR/HR2021/FEC/client/src/components/relatedProducts/OutfitCard.jsx": {"path":"/Users/louisa/HR/HR2021/FEC/client/src/components/relatedProducts/OutfitCard.jsx","statementMap":{"0":{"start":{"line":5,"column":2},"end":{"line":25,"column":3}}},"fnMap":{"0":{"name":"OutfitCard","decl":{"start":{"line":4,"column":24},"end":{"line":4,"column":34}},"loc":{"start":{"line":4,"column":43},"end":{"line":26,"column":1}},"line":4}},"branchMap":{},"s":{"0":10},"f":{"0":10},"b":{},"_coverageSchema":"1a1c01bbd47fc00a2c39e90264f33305004495a9","hash":"36dd86c16886ef6070506557b9a647167d0b9fd3"}
,"/Users/louisa/HR/HR2021/FEC/client/src/components/relatedProducts/OutfitList.jsx": {"path":"/Users/louisa/HR/HR2021/FEC/client/src/components/relatedProducts/OutfitList.jsx","statementMap":{"0":{"start":{"line":6,"column":2},"end":{"line":11,"column":3}}},"fnMap":{"0":{"name":"OutfitList","decl":{"start":{"line":5,"column":24},"end":{"line":5,"column":34}},"loc":{"start":{"line":5,"column":43},"end":{"line":12,"column":1}},"line":5}},"branchMap":{},"s":{"0":9},"f":{"0":9},"b":{},"_coverageSchema":"1a1c01bbd47fc00a2c39e90264f33305004495a9","hash":"3e432dc51df96f685a81250b4eb23dc425144665"}
,"/Users/louisa/HR/HR2021/FEC/client/src/components/relatedProducts/ProductCards.jsx": {"path":"/Users/louisa/HR/HR2021/FEC/client/src/components/relatedProducts/ProductCards.jsx","statementMap":{"0":{"start":{"line":6,"column":36},"end":{"line":6,"column":51}},"1":{"start":{"line":8,"column":22},"end":{"line":10,"column":3}},"2":{"start":{"line":9,"column":4},"end":{"line":9,"column":28}},"3":{"start":{"line":12,"column":2},"end":{"line":39,"column":3}}},"fnMap":{"0":{"name":"ProductCards","decl":{"start":{"line":5,"column":24},"end":{"line":5,"column":36}},"loc":{"start":{"line":5,"column":44},"end":{"line":40,"column":1}},"line":5},"1":{"name":"(anonymous_1)","decl":{"start":{"line":8,"column":22},"end":{"line":8,"column":23}},"loc":{"start":{"line":8,"column":28},"end":{"line":10,"column":3}},"line":8}},"branchMap":{"0":{"loc":{"start":{"line":19,"column":15},"end":{"line":19,"column":42}},"type":"binary-expr","locations":[{"start":{"line":19,"column":15},"end":{"line":19,"column":24}},{"start":{"line":19,"column":28},"end":{"line":19,"column":42}}],"line":19},"1":{"loc":{"start":{"line":30,"column":40},"end":{"line":30,"column":126}},"type":"cond-expr","locations":[{"start":{"line":30,"column":62},"end":{"line":30,"column":103}},{"start":{"line":30,"column":107},"end":{"line":30,"column":126}}],"line":30},"2":{"loc":{"start":{"line":30,"column":62},"end":{"line":30,"column":103}},"type":"binary-expr","locations":[{"start":{"line":30,"column":62},"end":{"line":30,"column":80}},{"start":{"line":30,"column":84},"end":{"line":30,"column":103}}],"line":30}},"s":{"0":21,"1":21,"2":0,"3":21},"f":{"0":21,"1":0},"b":{"0":[21,0],"1":[0,21],"2":[0,0]},"_coverageSchema":"1a1c01bbd47fc00a2c39e90264f33305004495a9","hash":"d3bc1ed9709f774e9b2510ea7ae3514e0bc173c8"}
,"/Users/louisa/HR/HR2021/FEC/client/src/components/relatedProducts/ProductList.jsx": {"path":"/Users/louisa/HR/HR2021/FEC/client/src/components/relatedProducts/ProductList.jsx","statementMap":{"0":{"start":{"line":5,"column":2},"end":{"line":10,"column":3}}},"fnMap":{"0":{"name":"ProductList","decl":{"start":{"line":4,"column":24},"end":{"line":4,"column":35}},"loc":{"start":{"line":4,"column":44},"end":{"line":11,"column":1}},"line":4}},"branchMap":{},"s":{"0":17},"f":{"0":17},"b":{},"_coverageSchema":"1a1c01bbd47fc00a2c39e90264f33305004495a9","hash":"1ba1db3dead3c9d2994b7126d80592edd372b589"}
}
