TN:
SF:client/src/PDComponents/MainImageGallery.jsx
FN:4,(anonymous_0)
FN:10,(anonymous_1)
FN:17,(anonymous_2)
FN:19,(anonymous_3)
FN:25,(anonymous_4)
FN:30,(anonymous_5)
FN:31,(anonymous_6)
FN:36,(anonymous_7)
FN:37,(anonymous_8)
FNF:9
FNH:5
FNDA:18,(anonymous_0)
FNDA:11,(anonymous_1)
FNDA:8,(anonymous_2)
FNDA:18,(anonymous_3)
FNDA:1,(anonymous_4)
FNDA:0,(anonymous_5)
FNDA:0,(anonymous_6)
FNDA:0,(anonymous_7)
FNDA:0,(anonymous_8)
DA:4,3
DA:5,18
DA:6,18
DA:7,18
DA:8,18
DA:10,18
DA:11,11
DA:12,3
DA:13,3
DA:17,18
DA:18,8
DA:19,3
DA:20,18
DA:25,18
DA:26,1
DA:27,1
DA:30,18
DA:31,0
DA:32,0
DA:36,18
DA:37,0
DA:38,0
DA:42,18
DA:50,18
DA:56,18
DA:64,18
DA:71,18
DA:79,18
LF:28
LH:24
BRDA:11,0,0,3
BRDA:11,0,1,8
BRDA:18,1,0,3
BRDA:18,1,1,5
BRDA:83,2,0,0
BRDA:83,2,1,18
BRDA:89,3,0,4
BRDA:89,3,1,14
BRF:8
BRH:7
end_of_record
TN:
SF:client/src/PDComponents/ProductCheckout.jsx
FN:3,(anonymous_0)
FNF:1
FNH:1
FNDA:15,(anonymous_0)
DA:3,4
DA:4,15
LF:2
LH:2
BRF:0
BRH:0
end_of_record
TN:
SF:client/src/PDComponents/ProductDescription.jsx
FN:6,(anonymous_0)
FNF:1
FNH:1
FNDA:13,(anonymous_0)
DA:6,3
DA:7,13
DA:12,13
LF:3
LH:3
BRF:0
BRH:0
end_of_record
TN:
SF:client/src/PDComponents/ProductDetailFooter.jsx
FN:3,(anonymous_0)
FN:19,(anonymous_1)
FNF:2
FNH:2
FNDA:7,(anonymous_0)
FNDA:14,(anonymous_1)
DA:3,3
DA:4,7
DA:9,7
DA:15,7
DA:20,14
LF:5
LH:5
BRF:0
BRH:0
end_of_record
TN:
SF:client/src/PDComponents/ProductDetailPage.jsx
FN:9,(anonymous_0)
FN:16,(anonymous_1)
FN:18,(anonymous_2)
FN:22,(anonymous_3)
FN:27,(anonymous_4)
FN:29,(anonymous_5)
FN:33,(anonymous_6)
FN:38,(anonymous_7)
FN:42,(anonymous_8)
FNF:9
FNH:8
FNDA:9,(anonymous_0)
FNDA:3,(anonymous_1)
FNDA:2,(anonymous_2)
FNDA:1,(anonymous_3)
FNDA:2,(anonymous_4)
FNDA:1,(anonymous_5)
FNDA:1,(anonymous_6)
FNDA:0,(anonymous_7)
FNDA:3,(anonymous_8)
DA:9,2
DA:10,9
DA:11,9
DA:12,9
DA:13,9
DA:14,9
DA:16,9
DA:17,3
DA:19,2
DA:20,2
DA:23,1
DA:27,9
DA:28,2
DA:30,1
DA:31,1
DA:34,1
DA:38,9
DA:39,0
DA:42,9
DA:43,3
DA:46,9
DA:50,9
LF:22
LH:21
BRDA:52,0,0,2
BRDA:52,0,1,7
BRDA:63,1,0,5
BRDA:63,1,1,4
BRF:4
BRH:4
end_of_record
TN:
SF:client/src/PDComponents/ProductStars.jsx
FN:3,(anonymous_0)
FNF:1
FNH:1
FNDA:15,(anonymous_0)
DA:3,4
DA:4,15
DA:5,15
DA:6,15
DA:8,15
DA:16,15
DA:28,15
LF:7
LH:7
BRDA:5,0,0,15
BRDA:5,0,1,14
BRF:2
BRH:2
end_of_record
TN:
SF:client/src/PDComponents/ProductStyleSelector.jsx
FN:4,(anonymous_0)
FN:5,(anonymous_1)
FN:13,(anonymous_2)
FNF:3
FNH:3
FNDA:16,(anonymous_0)
FNDA:1,(anonymous_1)
FNDA:30,(anonymous_2)
DA:4,4
DA:5,16
DA:6,1
DA:7,1
DA:10,16
DA:12,16
DA:13,5
DA:14,30
DA:18,16
LF:9
LH:9
BRDA:12,0,0,5
BRDA:12,0,1,11
BRF:2
BRH:2
end_of_record
TN:
SF:client/src/PDComponents/StyleSelectorItem.jsx
FN:3,(anonymous_0)
FNF:1
FNH:1
FNDA:33,(anonymous_0)
DA:3,5
DA:4,33
DA:10,33
LF:3
LH:3
BRF:0
BRH:0
end_of_record
TN:
SF:client/src/QAComponents/Answer.jsx
FN:6,(anonymous_0)
FN:16,(anonymous_1)
FN:22,(anonymous_2)
FN:26,(anonymous_3)
FN:29,(anonymous_4)
FN:34,(anonymous_5)
FN:37,(anonymous_6)
FN:42,(anonymous_7)
FN:47,(anonymous_8)
FN:50,(anonymous_9)
FN:56,(anonymous_10)
FN:57,(anonymous_11)
FN:79,(anonymous_12)
FN:82,(anonymous_13)
FN:88,(anonymous_14)
FN:89,(anonymous_15)
FN:93,(anonymous_16)
FN:96,(anonymous_17)
FN:104,(anonymous_18)
FNF:19
FNH:5
FNDA:26,(anonymous_0)
FNDA:23,(anonymous_1)
FNDA:0,(anonymous_2)
FNDA:0,(anonymous_3)
FNDA:0,(anonymous_4)
FNDA:0,(anonymous_5)
FNDA:0,(anonymous_6)
FNDA:0,(anonymous_7)
FNDA:0,(anonymous_8)
FNDA:0,(anonymous_9)
FNDA:23,(anonymous_10)
FNDA:0,(anonymous_11)
FNDA:0,(anonymous_12)
FNDA:0,(anonymous_13)
FNDA:23,(anonymous_14)
FNDA:0,(anonymous_15)
FNDA:0,(anonymous_16)
FNDA:0,(anonymous_17)
FNDA:23,(anonymous_18)
DA:6,4
DA:7,26
DA:8,23
DA:9,23
DA:10,23
DA:11,23
DA:12,23
DA:16,23
DA:17,23
DA:18,23
DA:19,23
DA:21,0
DA:23,0
DA:24,0
DA:26,0
DA:29,23
DA:30,0
DA:31,0
DA:32,0
DA:33,0
DA:35,0
DA:38,0
DA:42,23
DA:43,0
DA:44,0
DA:45,0
DA:46,0
DA:48,0
DA:51,0
DA:56,23
DA:57,23
DA:58,0
DA:59,0
DA:61,0
DA:79,23
DA:80,0
DA:82,0
DA:83,0
DA:88,23
DA:89,23
DA:90,0
DA:91,0
DA:93,0
DA:94,0
DA:96,0
DA:101,23
DA:106,23
DA:107,23
DA:108,0
DA:109,0
DA:110,0
DA:113,23
DA:114,0
DA:116,23
LF:54
LH:23
BRDA:18,0,0,23
BRDA:18,0,1,0
BRDA:58,1,0,0
BRDA:58,1,1,0
BRDA:90,2,0,0
BRDA:90,2,1,0
BRDA:104,3,0,23
BRDA:104,3,1,0
BRDA:107,4,0,0
BRDA:107,4,1,23
BRDA:113,5,0,0
BRDA:113,5,1,23
BRF:12
BRH:4
end_of_record
TN:
SF:client/src/QAComponents/AnswerModal.jsx
FN:6,(anonymous_0)
FN:10,(anonymous_1)
FN:17,(anonymous_2)
FN:26,(anonymous_3)
FN:40,(anonymous_4)
FN:43,(anonymous_5)
FN:47,(anonymous_6)
FN:49,(anonymous_7)
FNF:8
FNH:3
FNDA:28,(anonymous_0)
FNDA:0,(anonymous_1)
FNDA:0,(anonymous_2)
FNDA:0,(anonymous_3)
FNDA:0,(anonymous_4)
FNDA:0,(anonymous_5)
FNDA:28,(anonymous_6)
FNDA:28,(anonymous_7)
DA:6,4
DA:7,28
DA:8,28
DA:9,28
DA:10,28
DA:11,0
DA:12,0
DA:16,28
DA:18,0
DA:19,0
DA:20,0
DA:26,28
DA:27,0
DA:29,0
DA:30,0
DA:31,0
DA:32,0
DA:33,0
DA:34,0
DA:41,0
DA:43,0
DA:46,28
DA:48,28
DA:49,28
DA:54,28
LF:25
LH:11
BRDA:11,0,0,0
BRDA:11,0,1,0
BRDA:18,1,0,0
BRDA:18,1,1,0
BRDA:18,2,0,0
BRDA:18,2,1,0
BRDA:56,3,0,6
BRDA:56,3,1,22
BRF:8
BRH:2
end_of_record
TN:
SF:client/src/QAComponents/QAList.jsx
FN:10,(anonymous_0)
FN:31,(anonymous_1)
FN:35,(anonymous_2)
FN:38,(anonymous_3)
FN:41,(anonymous_4)
FN:46,(anonymous_5)
FN:51,(anonymous_6)
FN:53,(anonymous_7)
FN:71,(anonymous_8)
FN:77,(anonymous_9)
FN:81,(anonymous_10)
FN:84,(anonymous_11)
FN:88,(anonymous_12)
FN:101,(anonymous_13)
FN:102,(anonymous_14)
FN:106,(anonymous_15)
FN:110,(anonymous_16)
FN:128,(anonymous_17)
FNF:18
FNH:4
FNDA:8,(anonymous_0)
FNDA:0,(anonymous_1)
FNDA:0,(anonymous_2)
FNDA:0,(anonymous_3)
FNDA:0,(anonymous_4)
FNDA:0,(anonymous_5)
FNDA:0,(anonymous_6)
FNDA:0,(anonymous_7)
FNDA:0,(anonymous_8)
FNDA:0,(anonymous_9)
FNDA:7,(anonymous_10)
FNDA:0,(anonymous_11)
FNDA:0,(anonymous_12)
FNDA:7,(anonymous_13)
FNDA:0,(anonymous_14)
FNDA:0,(anonymous_15)
FNDA:0,(anonymous_16)
FNDA:21,(anonymous_17)
DA:10,2
DA:11,8
DA:12,7
DA:13,7
DA:14,7
DA:15,7
DA:16,7
DA:31,7
DA:34,0
DA:37,0
DA:38,0
DA:39,0
DA:41,0
DA:42,0
DA:47,0
DA:51,7
DA:53,0
DA:54,0
DA:71,7
DA:72,0
DA:73,0
DA:74,0
DA:77,7
DA:78,0
DA:81,7
DA:83,7
DA:86,0
DA:89,0
DA:101,7
DA:102,7
DA:103,0
DA:104,0
DA:106,0
DA:107,0
DA:110,0
DA:111,0
DA:119,7
DA:130,21
LF:38
LH:17
BRDA:37,0,0,0
BRDA:37,0,1,0
BRDA:103,1,0,0
BRDA:103,1,1,0
BRF:4
BRH:0
end_of_record
TN:
SF:client/src/QAComponents/Question.jsx
FN:9,(anonymous_0)
FN:17,(anonymous_1)
FN:20,(anonymous_2)
FN:24,(anonymous_3)
FN:29,(anonymous_4)
FN:35,(anonymous_5)
FN:36,(anonymous_6)
FN:39,(anonymous_7)
FN:44,(anonymous_8)
FN:45,(anonymous_9)
FN:48,(anonymous_10)
FN:49,(anonymous_11)
FN:50,(anonymous_12)
FNF:13
FNH:3
FNDA:25,(anonymous_0)
FNDA:22,(anonymous_1)
FNDA:0,(anonymous_2)
FNDA:0,(anonymous_3)
FNDA:0,(anonymous_4)
FNDA:0,(anonymous_5)
FNDA:0,(anonymous_6)
FNDA:0,(anonymous_7)
FNDA:0,(anonymous_8)
FNDA:0,(anonymous_9)
FNDA:22,(anonymous_10)
FNDA:0,(anonymous_11)
FNDA:0,(anonymous_12)
DA:9,3
DA:10,25
DA:11,22
DA:12,22
DA:13,22
DA:14,22
DA:17,22
DA:19,22
DA:22,0
DA:25,0
DA:29,22
DA:30,0
DA:31,0
DA:35,22
DA:36,0
DA:39,22
DA:41,0
DA:44,0
DA:45,0
DA:48,22
DA:49,22
DA:50,0
DA:52,0
DA:53,0
DA:55,0
DA:67,22
LF:26
LH:14
BRDA:52,0,0,0
BRDA:52,0,1,0
BRDA:70,1,0,22
BRDA:70,1,1,22
BRF:4
BRH:2
end_of_record
TN:
SF:client/src/QAComponents/QuestionModal.jsx
FN:6,(anonymous_0)
FN:10,(anonymous_1)
FN:17,(anonymous_2)
FN:26,(anonymous_3)
FN:47,(anonymous_4)
FN:49,(anonymous_5)
FNF:6
FNH:3
FNDA:13,(anonymous_0)
FNDA:0,(anonymous_1)
FNDA:0,(anonymous_2)
FNDA:0,(anonymous_3)
FNDA:13,(anonymous_4)
FNDA:13,(anonymous_5)
DA:6,3
DA:7,13
DA:8,13
DA:9,13
DA:10,13
DA:11,0
DA:12,0
DA:16,13
DA:18,0
DA:19,0
DA:20,0
DA:26,13
DA:27,0
DA:29,0
DA:30,0
DA:31,0
DA:32,0
DA:33,0
DA:46,13
DA:48,13
DA:49,13
DA:54,13
LF:22
LH:11
BRDA:11,0,0,0
BRDA:11,0,1,0
BRDA:18,1,0,0
BRDA:18,1,1,0
BRDA:18,2,0,0
BRDA:18,2,1,0
BRDA:56,3,0,5
BRDA:56,3,1,8
BRF:8
BRH:2
end_of_record
TN:
SF:client/src/components/App.jsx
FN:9,(anonymous_0)
FNF:1
FNH:1
FNDA:1,(anonymous_0)
DA:9,1
DA:10,1
LF:2
LH:2
BRF:0
BRH:0
end_of_record
TN:
SF:client/src/components/FourOhFour.jsx
FN:4,(anonymous_0)
FNF:1
FNH:1
FNDA:2,(anonymous_0)
DA:4,2
DA:5,2
DA:7,2
LF:3
LH:3
BRDA:11,0,0,2
BRDA:11,0,1,0
BRF:2
BRH:1
end_of_record
TN:
SF:client/src/components/Review Widget/ReviewList.jsx
FN:6,(anonymous_0)
FN:9,(anonymous_1)
FN:13,(anonymous_2)
FN:20,(anonymous_3)
FN:23,(anonymous_4)
FN:29,(anonymous_5)
FNF:6
FNH:0
FNDA:0,(anonymous_0)
FNDA:0,(anonymous_1)
FNDA:0,(anonymous_2)
FNDA:0,(anonymous_3)
FNDA:0,(anonymous_4)
FNDA:0,(anonymous_5)
DA:6,1
DA:7,0
DA:9,0
DA:10,0
DA:13,0
DA:14,0
DA:21,0
DA:24,0
DA:28,0
DA:29,0
DA:31,0
LF:11
LH:1
BRF:0
BRH:0
end_of_record
TN:
SF:client/src/components/Review Widget/ReviewMetaData.jsx
FN:6,(anonymous_0)
FN:20,(anonymous_1)
FN:24,(anonymous_2)
FN:30,(anonymous_3)
FN:33,(anonymous_4)
FN:38,(anonymous_5)
FN:49,(anonymous_6)
FNF:7
FNH:3
FNDA:1,(anonymous_0)
FNDA:1,(anonymous_1)
FNDA:1,(anonymous_2)
FNDA:0,(anonymous_3)
FNDA:0,(anonymous_4)
FNDA:0,(anonymous_5)
FNDA:0,(anonymous_6)
DA:6,2
DA:7,1
DA:20,1
DA:21,1
DA:24,1
DA:25,1
DA:31,0
DA:34,0
DA:38,1
DA:39,0
DA:40,0
DA:42,0
DA:49,1
DA:50,0
DA:51,0
DA:53,0
DA:54,0
DA:55,0
DA:58,0
DA:59,0
DA:62,1
LF:21
LH:9
BRDA:45,0,0,0
BRDA:45,0,1,0
BRF:2
BRH:0
end_of_record
TN:
SF:client/src/components/Review Widget/ReviewSection.jsx
FN:7,(anonymous_0)
FNF:1
FNH:0
FNDA:0,(anonymous_0)
DA:7,1
DA:8,0
DA:10,0
LF:3
LH:1
BRF:0
BRH:0
end_of_record
TN:
SF:client/src/components/Review Widget/ReviewStars.jsx
FN:8,(anonymous_0)
FNF:1
FNH:1
FNDA:3,(anonymous_0)
DA:8,4
DA:9,3
DA:10,3
DA:11,3
DA:12,3
DA:14,3
DA:15,9
DA:18,3
DA:19,0
DA:20,3
DA:21,0
DA:22,3
DA:23,0
DA:26,3
DA:27,3
DA:28,2
DA:29,6
DA:33,3
LF:18
LH:15
BRDA:18,0,0,0
BRDA:18,0,1,3
BRDA:18,1,0,3
BRDA:18,1,1,0
BRDA:20,2,0,0
BRDA:20,2,1,3
BRDA:20,3,0,3
BRDA:20,3,1,0
BRDA:22,4,0,0
BRDA:22,4,1,3
BRDA:22,5,0,3
BRDA:22,5,1,0
BRDA:27,6,0,2
BRDA:27,6,1,1
BRF:14
BRH:8
end_of_record
TN:
SF:client/src/components/Review Widget/ReviewTile.jsx
FN:5,(anonymous_0)
FN:6,(anonymous_1)
FNF:2
FNH:2
FNDA:1,(anonymous_0)
FNDA:1,(anonymous_1)
DA:5,2
DA:6,1
DA:7,1
DA:8,1
DA:9,1
DA:10,1
DA:11,1
DA:13,1
DA:16,1
LF:9
LH:9
BRF:0
BRH:0
end_of_record
TN:
SF:client/src/components/relatedProducts/AddCard.jsx
FN:3,AddCard
FNF:1
FNH:1
FNDA:10,AddCard
DA:4,10
LF:1
LH:1
BRF:0
BRH:0
end_of_record
TN:
SF:client/src/components/relatedProducts/Carousel.jsx
FN:10,Carousel
FN:17,(anonymous_1)
FN:21,(anonymous_2)
FN:30,(anonymous_3)
FN:32,(anonymous_4)
FN:36,(anonymous_5)
FN:38,(anonymous_6)
FN:50,(anonymous_7)
FNF:8
FNH:4
FNDA:8,Carousel
FNDA:4,(anonymous_1)
FNDA:4,(anonymous_2)
FNDA:0,(anonymous_3)
FNDA:0,(anonymous_4)
FNDA:0,(anonymous_5)
FNDA:0,(anonymous_6)
FNDA:16,(anonymous_7)
DA:11,8
DA:12,8
DA:14,8
DA:15,8
DA:17,8
DA:18,4
DA:21,8
DA:22,4
DA:23,4
DA:24,4
DA:26,0
DA:30,8
DA:31,0
DA:32,0
DA:36,8
DA:37,0
DA:38,0
DA:42,8
DA:51,16
LF:19
LH:14
BRDA:31,0,0,0
BRDA:31,0,1,0
BRDA:31,1,0,0
BRDA:31,1,1,0
BRDA:37,2,0,0
BRDA:37,2,1,0
BRDA:37,3,0,0
BRDA:37,3,1,0
BRDA:46,4,0,8
BRDA:46,4,1,0
BRDA:56,5,0,8
BRDA:56,5,1,4
BRF:12
BRH:3
end_of_record
TN:
SF:client/src/components/relatedProducts/Comparison.jsx
FN:5,Comparison
FNF:1
FNH:1
FNDA:1,Comparison
DA:6,1
LF:1
LH:1
BRF:0
BRH:0
end_of_record
TN:
SF:client/src/components/relatedProducts/OutfitCard.jsx
FN:4,OutfitCard
FNF:1
FNH:1
FNDA:10,OutfitCard
DA:5,10
LF:1
LH:1
BRF:0
BRH:0
end_of_record
TN:
SF:client/src/components/relatedProducts/OutfitList.jsx
FN:5,OutfitList
FNF:1
FNH:1
FNDA:9,OutfitList
DA:6,9
LF:1
LH:1
BRF:0
BRH:0
end_of_record
TN:
SF:client/src/components/relatedProducts/ProductCards.jsx
FN:5,ProductCards
FN:8,(anonymous_1)
FNF:2
FNH:1
FNDA:21,ProductCards
FNDA:0,(anonymous_1)
DA:6,21
DA:8,21
DA:9,0
DA:12,21
LF:4
LH:3
BRDA:19,0,0,21
BRDA:19,0,1,0
BRDA:30,1,0,0
BRDA:30,1,1,21
BRDA:30,2,0,0
BRDA:30,2,1,0
BRF:6
BRH:2
end_of_record
TN:
SF:client/src/components/relatedProducts/ProductList.jsx
FN:4,ProductList
FNF:1
FNH:1
FNDA:17,ProductList
DA:5,17
LF:1
LH:1
BRF:0
BRH:0
end_of_record
